mode: atomic
github.com/QuoineFinancial/liquid-chain/crc16/main.go:95.35,98.25 3 10
github.com/QuoineFinancial/liquid-chain/crc16/main.go:102.2,103.16 2 10
github.com/QuoineFinancial/liquid-chain/crc16/main.go:107.2,107.20 1 10
github.com/QuoineFinancial/liquid-chain/crc16/main.go:98.25,100.3 1 330
github.com/QuoineFinancial/liquid-chain/crc16/main.go:103.16,104.13 1 0
github.com/QuoineFinancial/liquid-chain/crc16/main.go:112.51,117.36 2 5
github.com/QuoineFinancial/liquid-chain/crc16/main.go:121.2,121.12 1 5
github.com/QuoineFinancial/liquid-chain/crc16/main.go:117.36,119.3 1 0
github.com/QuoineFinancial/liquid-chain/crypto/address.go:23.44,24.27 1 5
github.com/QuoineFinancial/liquid-chain/crypto/address.go:27.2,27.41 1 5
github.com/QuoineFinancial/liquid-chain/crypto/address.go:24.27,26.3 1 0
github.com/QuoineFinancial/liquid-chain/crypto/address.go:31.41,33.2 1 0
github.com/QuoineFinancial/liquid-chain/crypto/address.go:36.44,41.73 3 5
github.com/QuoineFinancial/liquid-chain/crypto/address.go:46.2,46.42 1 5
github.com/QuoineFinancial/liquid-chain/crypto/address.go:51.2,52.47 2 5
github.com/QuoineFinancial/liquid-chain/crypto/address.go:55.2,57.16 3 5
github.com/QuoineFinancial/liquid-chain/crypto/address.go:41.73,43.3 1 0
github.com/QuoineFinancial/liquid-chain/crypto/address.go:46.42,48.3 1 0
github.com/QuoineFinancial/liquid-chain/crypto/address.go:52.47,54.3 1 0
github.com/QuoineFinancial/liquid-chain/crypto/address.go:61.57,63.16 2 5
github.com/QuoineFinancial/liquid-chain/crypto/address.go:66.2,67.39 2 5
github.com/QuoineFinancial/liquid-chain/crypto/address.go:63.16,65.3 1 0
github.com/QuoineFinancial/liquid-chain/crypto/address.go:71.41,75.2 3 0
github.com/QuoineFinancial/liquid-chain/crypto/address.go:77.47,79.16 2 5
github.com/QuoineFinancial/liquid-chain/crypto/address.go:83.2,83.18 1 5
github.com/QuoineFinancial/liquid-chain/crypto/address.go:87.2,87.17 1 5
github.com/QuoineFinancial/liquid-chain/crypto/address.go:79.16,81.3 1 0
github.com/QuoineFinancial/liquid-chain/crypto/address.go:83.18,85.3 1 0
github.com/QuoineFinancial/liquid-chain/crypto/address.go:90.63,92.16 2 5
github.com/QuoineFinancial/liquid-chain/crypto/address.go:95.2,100.25 5 5
github.com/QuoineFinancial/liquid-chain/crypto/address.go:105.2,105.59 1 5
github.com/QuoineFinancial/liquid-chain/crypto/address.go:108.2,108.21 1 5
github.com/QuoineFinancial/liquid-chain/crypto/address.go:92.16,94.3 1 0
github.com/QuoineFinancial/liquid-chain/crypto/address.go:100.25,102.3 1 0
github.com/QuoineFinancial/liquid-chain/crypto/address.go:105.59,107.3 1 0
github.com/QuoineFinancial/liquid-chain/crypto/transaction.go:41.45,43.2 1 0
github.com/QuoineFinancial/liquid-chain/crypto/transaction.go:46.51,50.2 3 0
github.com/QuoineFinancial/liquid-chain/crypto/transaction.go:53.42,55.2 1 0
github.com/QuoineFinancial/liquid-chain/crypto/transaction.go:58.30,60.2 1 0
github.com/QuoineFinancial/liquid-chain/crypto/transaction.go:63.44,67.2 3 0
github.com/QuoineFinancial/liquid-chain/crypto/transaction.go:70.40,71.42 1 0
github.com/QuoineFinancial/liquid-chain/crypto/transaction.go:75.2,76.36 2 0
github.com/QuoineFinancial/liquid-chain/crypto/transaction.go:80.2,80.38 1 0
github.com/QuoineFinancial/liquid-chain/crypto/transaction.go:71.42,73.3 1 0
github.com/QuoineFinancial/liquid-chain/crypto/transaction.go:76.36,78.3 1 0
github.com/QuoineFinancial/liquid-chain/crypto/transaction.go:84.54,90.16 5 0
github.com/QuoineFinancial/liquid-chain/crypto/transaction.go:93.2,94.12 2 0
github.com/QuoineFinancial/liquid-chain/crypto/transaction.go:90.16,92.3 1 0
github.com/QuoineFinancial/liquid-chain/crypto/transaction.go:98.34,101.16 3 0
github.com/QuoineFinancial/liquid-chain/crypto/transaction.go:104.2,104.59 1 0
github.com/QuoineFinancial/liquid-chain/crypto/transaction.go:101.16,103.3 1 0
github.com/QuoineFinancial/liquid-chain/crypto/transaction.go:108.34,111.2 2 0
github.com/QuoineFinancial/liquid-chain/crypto/transaction.go:114.42,117.2 2 0
github.com/QuoineFinancial/liquid-chain/crypto/transaction.go:120.46,123.2 2 0
github.com/QuoineFinancial/liquid-chain/crypto/transaction.go:126.44,127.49 1 0
github.com/QuoineFinancial/liquid-chain/crypto/transaction.go:130.2,130.12 1 0
github.com/QuoineFinancial/liquid-chain/crypto/transaction.go:127.49,129.3 1 0
github.com/QuoineFinancial/liquid-chain/crypto/transaction.go:134.52,136.2 1 0
github.com/QuoineFinancial/liquid-chain/crypto/transaction.go:139.56,141.2 1 0
github.com/QuoineFinancial/liquid-chain/abi/abi.go:11.72,12.32 1 5
github.com/QuoineFinancial/liquid-chain/abi/abi.go:16.2,18.35 2 4
github.com/QuoineFinancial/liquid-chain/abi/abi.go:33.2,34.16 2 4
github.com/QuoineFinancial/liquid-chain/abi/abi.go:37.2,37.20 1 4
github.com/QuoineFinancial/liquid-chain/abi/abi.go:12.32,14.3 1 1
github.com/QuoineFinancial/liquid-chain/abi/abi.go:18.35,19.20 1 44
github.com/QuoineFinancial/liquid-chain/abi/abi.go:19.20,21.18 2 22
github.com/QuoineFinancial/liquid-chain/abi/abi.go:24.4,24.59 1 22
github.com/QuoineFinancial/liquid-chain/abi/abi.go:21.18,23.5 1 0
github.com/QuoineFinancial/liquid-chain/abi/abi.go:25.9,27.18 2 22
github.com/QuoineFinancial/liquid-chain/abi/abi.go:30.4,30.59 1 22
github.com/QuoineFinancial/liquid-chain/abi/abi.go:27.18,29.5 1 0
github.com/QuoineFinancial/liquid-chain/abi/abi.go:34.16,36.3 1 0
github.com/QuoineFinancial/liquid-chain/abi/abi.go:41.73,44.16 3 2
github.com/QuoineFinancial/liquid-chain/abi/abi.go:48.2,49.29 2 2
github.com/QuoineFinancial/liquid-chain/abi/abi.go:62.2,62.20 1 2
github.com/QuoineFinancial/liquid-chain/abi/abi.go:44.16,46.3 1 0
github.com/QuoineFinancial/liquid-chain/abi/abi.go:49.29,51.24 2 22
github.com/QuoineFinancial/liquid-chain/abi/abi.go:59.3,59.34 1 22
github.com/QuoineFinancial/liquid-chain/abi/abi.go:51.24,53.32 2 11
github.com/QuoineFinancial/liquid-chain/abi/abi.go:53.32,55.5 1 23
github.com/QuoineFinancial/liquid-chain/abi/abi.go:56.9,58.4 1 11
github.com/QuoineFinancial/liquid-chain/abi/abi.go:66.75,69.35 2 3
github.com/QuoineFinancial/liquid-chain/abi/abi.go:91.2,92.16 2 2
github.com/QuoineFinancial/liquid-chain/abi/abi.go:96.2,96.20 1 2
github.com/QuoineFinancial/liquid-chain/abi/abi.go:69.35,70.20 1 23
github.com/QuoineFinancial/liquid-chain/abi/abi.go:70.20,73.40 3 12
github.com/QuoineFinancial/liquid-chain/abi/abi.go:76.4,80.35 4 11
github.com/QuoineFinancial/liquid-chain/abi/abi.go:86.4,86.60 1 11
github.com/QuoineFinancial/liquid-chain/abi/abi.go:73.40,75.5 1 1
github.com/QuoineFinancial/liquid-chain/abi/abi.go:80.35,84.5 3 23
github.com/QuoineFinancial/liquid-chain/abi/abi.go:87.9,89.4 1 11
github.com/QuoineFinancial/liquid-chain/abi/abi.go:92.16,94.3 1 0
github.com/QuoineFinancial/liquid-chain/abi/cli_helper.go:32.68,34.11 2 151
github.com/QuoineFinancial/liquid-chain/abi/cli_helper.go:60.2,60.27 1 151
github.com/QuoineFinancial/liquid-chain/abi/cli_helper.go:35.17,36.26 1 43
github.com/QuoineFinancial/liquid-chain/abi/cli_helper.go:37.15,38.24 1 8
github.com/QuoineFinancial/liquid-chain/abi/cli_helper.go:39.16,40.25 1 8
github.com/QuoineFinancial/liquid-chain/abi/cli_helper.go:41.16,42.25 1 8
github.com/QuoineFinancial/liquid-chain/abi/cli_helper.go:43.16,44.25 1 36
github.com/QuoineFinancial/liquid-chain/abi/cli_helper.go:45.14,46.23 1 8
github.com/QuoineFinancial/liquid-chain/abi/cli_helper.go:47.15,48.24 1 8
github.com/QuoineFinancial/liquid-chain/abi/cli_helper.go:49.15,50.24 1 8
github.com/QuoineFinancial/liquid-chain/abi/cli_helper.go:51.15,52.24 1 8
github.com/QuoineFinancial/liquid-chain/abi/cli_helper.go:53.17,54.26 1 8
github.com/QuoineFinancial/liquid-chain/abi/cli_helper.go:55.17,56.26 1 8
github.com/QuoineFinancial/liquid-chain/abi/cli_helper.go:57.10,58.97 1 0
github.com/QuoineFinancial/liquid-chain/abi/cli_helper.go:63.83,64.54 1 11
github.com/QuoineFinancial/liquid-chain/abi/cli_helper.go:68.2,70.11 2 11
github.com/QuoineFinancial/liquid-chain/abi/cli_helper.go:64.54,66.3 1 0
github.com/QuoineFinancial/liquid-chain/abi/cli_helper.go:71.15,73.28 2 1
github.com/QuoineFinancial/liquid-chain/abi/cli_helper.go:80.3,80.21 1 1
github.com/QuoineFinancial/liquid-chain/abi/cli_helper.go:81.13,83.28 2 1
github.com/QuoineFinancial/liquid-chain/abi/cli_helper.go:90.3,90.21 1 1
github.com/QuoineFinancial/liquid-chain/abi/cli_helper.go:91.14,93.28 2 1
github.com/QuoineFinancial/liquid-chain/abi/cli_helper.go:100.3,100.21 1 1
github.com/QuoineFinancial/liquid-chain/abi/cli_helper.go:101.14,103.28 2 1
github.com/QuoineFinancial/liquid-chain/abi/cli_helper.go:110.3,110.21 1 1
github.com/QuoineFinancial/liquid-chain/abi/cli_helper.go:111.14,113.28 2 1
github.com/QuoineFinancial/liquid-chain/abi/cli_helper.go:120.3,120.21 1 1
github.com/QuoineFinancial/liquid-chain/abi/cli_helper.go:121.12,123.28 2 1
github.com/QuoineFinancial/liquid-chain/abi/cli_helper.go:130.3,130.21 1 1
github.com/QuoineFinancial/liquid-chain/abi/cli_helper.go:131.13,133.28 2 1
github.com/QuoineFinancial/liquid-chain/abi/cli_helper.go:140.3,140.21 1 1
github.com/QuoineFinancial/liquid-chain/abi/cli_helper.go:141.13,143.28 2 1
github.com/QuoineFinancial/liquid-chain/abi/cli_helper.go:150.3,150.21 1 1
github.com/QuoineFinancial/liquid-chain/abi/cli_helper.go:151.13,153.28 2 1
github.com/QuoineFinancial/liquid-chain/abi/cli_helper.go:160.3,160.21 1 1
github.com/QuoineFinancial/liquid-chain/abi/cli_helper.go:161.15,163.28 2 1
github.com/QuoineFinancial/liquid-chain/abi/cli_helper.go:170.3,170.21 1 1
github.com/QuoineFinancial/liquid-chain/abi/cli_helper.go:171.15,173.28 2 1
github.com/QuoineFinancial/liquid-chain/abi/cli_helper.go:180.3,180.21 1 1
github.com/QuoineFinancial/liquid-chain/abi/cli_helper.go:181.10,182.54 1 0
github.com/QuoineFinancial/liquid-chain/abi/cli_helper.go:73.28,75.18 2 2
github.com/QuoineFinancial/liquid-chain/abi/cli_helper.go:78.4,78.52 1 2
github.com/QuoineFinancial/liquid-chain/abi/cli_helper.go:75.18,77.5 1 0
github.com/QuoineFinancial/liquid-chain/abi/cli_helper.go:83.28,85.18 2 2
github.com/QuoineFinancial/liquid-chain/abi/cli_helper.go:88.4,88.43 1 2
github.com/QuoineFinancial/liquid-chain/abi/cli_helper.go:85.18,87.5 1 0
github.com/QuoineFinancial/liquid-chain/abi/cli_helper.go:93.28,95.18 2 2
github.com/QuoineFinancial/liquid-chain/abi/cli_helper.go:98.4,98.44 1 2
github.com/QuoineFinancial/liquid-chain/abi/cli_helper.go:95.18,97.5 1 0
github.com/QuoineFinancial/liquid-chain/abi/cli_helper.go:103.28,105.18 2 3
github.com/QuoineFinancial/liquid-chain/abi/cli_helper.go:108.4,108.44 1 3
github.com/QuoineFinancial/liquid-chain/abi/cli_helper.go:105.18,107.5 1 0
github.com/QuoineFinancial/liquid-chain/abi/cli_helper.go:113.28,115.18 2 2
github.com/QuoineFinancial/liquid-chain/abi/cli_helper.go:118.4,118.44 1 2
github.com/QuoineFinancial/liquid-chain/abi/cli_helper.go:115.18,117.5 1 0
github.com/QuoineFinancial/liquid-chain/abi/cli_helper.go:123.28,125.18 2 2
github.com/QuoineFinancial/liquid-chain/abi/cli_helper.go:128.4,128.42 1 2
github.com/QuoineFinancial/liquid-chain/abi/cli_helper.go:125.18,127.5 1 0
github.com/QuoineFinancial/liquid-chain/abi/cli_helper.go:133.28,135.18 2 2
github.com/QuoineFinancial/liquid-chain/abi/cli_helper.go:138.4,138.43 1 2
github.com/QuoineFinancial/liquid-chain/abi/cli_helper.go:135.18,137.5 1 0
github.com/QuoineFinancial/liquid-chain/abi/cli_helper.go:143.28,145.18 2 2
github.com/QuoineFinancial/liquid-chain/abi/cli_helper.go:148.4,148.43 1 2
github.com/QuoineFinancial/liquid-chain/abi/cli_helper.go:145.18,147.5 1 0
github.com/QuoineFinancial/liquid-chain/abi/cli_helper.go:153.28,155.18 2 2
github.com/QuoineFinancial/liquid-chain/abi/cli_helper.go:158.4,158.43 1 2
github.com/QuoineFinancial/liquid-chain/abi/cli_helper.go:155.18,157.5 1 0
github.com/QuoineFinancial/liquid-chain/abi/cli_helper.go:163.28,165.18 2 2
github.com/QuoineFinancial/liquid-chain/abi/cli_helper.go:168.4,168.45 1 2
github.com/QuoineFinancial/liquid-chain/abi/cli_helper.go:165.18,167.5 1 0
github.com/QuoineFinancial/liquid-chain/abi/cli_helper.go:173.28,175.18 2 2
github.com/QuoineFinancial/liquid-chain/abi/cli_helper.go:178.4,178.45 1 2
github.com/QuoineFinancial/liquid-chain/abi/cli_helper.go:175.18,177.5 1 0
github.com/QuoineFinancial/liquid-chain/abi/cli_helper.go:186.77,189.11 3 34
github.com/QuoineFinancial/liquid-chain/abi/cli_helper.go:255.2,255.20 1 31
github.com/QuoineFinancial/liquid-chain/abi/cli_helper.go:190.15,191.41 1 3
github.com/QuoineFinancial/liquid-chain/abi/cli_helper.go:192.13,194.17 2 3
github.com/QuoineFinancial/liquid-chain/abi/cli_helper.go:197.3,197.24 1 3
github.com/QuoineFinancial/liquid-chain/abi/cli_helper.go:198.14,200.17 2 3
github.com/QuoineFinancial/liquid-chain/abi/cli_helper.go:203.3,203.25 1 3
github.com/QuoineFinancial/liquid-chain/abi/cli_helper.go:204.14,206.17 2 4
github.com/QuoineFinancial/liquid-chain/abi/cli_helper.go:209.3,209.25 1 4
github.com/QuoineFinancial/liquid-chain/abi/cli_helper.go:210.14,212.17 2 3
github.com/QuoineFinancial/liquid-chain/abi/cli_helper.go:215.3,215.25 1 3
github.com/QuoineFinancial/liquid-chain/abi/cli_helper.go:216.12,218.17 2 3
github.com/QuoineFinancial/liquid-chain/abi/cli_helper.go:221.3,221.23 1 3
github.com/QuoineFinancial/liquid-chain/abi/cli_helper.go:222.13,224.17 2 3
github.com/QuoineFinancial/liquid-chain/abi/cli_helper.go:227.3,227.24 1 3
github.com/QuoineFinancial/liquid-chain/abi/cli_helper.go:228.13,230.17 2 3
github.com/QuoineFinancial/liquid-chain/abi/cli_helper.go:233.3,233.24 1 3
github.com/QuoineFinancial/liquid-chain/abi/cli_helper.go:234.13,236.17 2 3
github.com/QuoineFinancial/liquid-chain/abi/cli_helper.go:239.3,239.24 1 3
github.com/QuoineFinancial/liquid-chain/abi/cli_helper.go:240.15,242.17 2 3
github.com/QuoineFinancial/liquid-chain/abi/cli_helper.go:245.3,245.26 1 3
github.com/QuoineFinancial/liquid-chain/abi/cli_helper.go:246.15,248.17 2 3
github.com/QuoineFinancial/liquid-chain/abi/cli_helper.go:251.3,251.26 1 3
github.com/QuoineFinancial/liquid-chain/abi/cli_helper.go:252.10,253.54 1 0
github.com/QuoineFinancial/liquid-chain/abi/cli_helper.go:194.17,196.4 1 0
github.com/QuoineFinancial/liquid-chain/abi/cli_helper.go:200.17,202.4 1 0
github.com/QuoineFinancial/liquid-chain/abi/cli_helper.go:206.17,208.4 1 0
github.com/QuoineFinancial/liquid-chain/abi/cli_helper.go:212.17,214.4 1 0
github.com/QuoineFinancial/liquid-chain/abi/cli_helper.go:218.17,220.4 1 0
github.com/QuoineFinancial/liquid-chain/abi/cli_helper.go:224.17,226.4 1 0
github.com/QuoineFinancial/liquid-chain/abi/cli_helper.go:230.17,232.4 1 0
github.com/QuoineFinancial/liquid-chain/abi/cli_helper.go:236.17,238.4 1 0
github.com/QuoineFinancial/liquid-chain/abi/cli_helper.go:242.17,244.4 1 0
github.com/QuoineFinancial/liquid-chain/abi/cli_helper.go:248.17,250.4 1 0
github.com/QuoineFinancial/liquid-chain/abi/cli_helper.go:259.77,261.32 2 3
github.com/QuoineFinancial/liquid-chain/abi/cli_helper.go:264.2,264.35 1 2
github.com/QuoineFinancial/liquid-chain/abi/cli_helper.go:280.2,281.16 2 2
github.com/QuoineFinancial/liquid-chain/abi/cli_helper.go:284.2,284.21 1 2
github.com/QuoineFinancial/liquid-chain/abi/cli_helper.go:261.32,263.3 1 1
github.com/QuoineFinancial/liquid-chain/abi/cli_helper.go:264.35,265.20 1 22
github.com/QuoineFinancial/liquid-chain/abi/cli_helper.go:265.20,267.18 2 11
github.com/QuoineFinancial/liquid-chain/abi/cli_helper.go:270.4,270.40 1 11
github.com/QuoineFinancial/liquid-chain/abi/cli_helper.go:267.18,269.5 1 0
github.com/QuoineFinancial/liquid-chain/abi/cli_helper.go:271.9,273.18 2 11
github.com/QuoineFinancial/liquid-chain/abi/cli_helper.go:276.4,276.40 1 11
github.com/QuoineFinancial/liquid-chain/abi/cli_helper.go:273.18,275.5 1 0
github.com/QuoineFinancial/liquid-chain/abi/cli_helper.go:281.16,283.3 1 0
github.com/QuoineFinancial/liquid-chain/abi/cli_helper.go:288.55,290.16 2 1
github.com/QuoineFinancial/liquid-chain/abi/cli_helper.go:293.2,294.16 2 1
github.com/QuoineFinancial/liquid-chain/abi/cli_helper.go:297.2,297.26 1 1
github.com/QuoineFinancial/liquid-chain/abi/cli_helper.go:290.16,292.3 1 0
github.com/QuoineFinancial/liquid-chain/abi/cli_helper.go:294.16,296.3 1 0
github.com/QuoineFinancial/liquid-chain/abi/cli_helper.go:301.55,304.16 3 7
github.com/QuoineFinancial/liquid-chain/abi/cli_helper.go:307.2,307.71 1 7
github.com/QuoineFinancial/liquid-chain/abi/cli_helper.go:310.2,316.49 2 7
github.com/QuoineFinancial/liquid-chain/abi/cli_helper.go:334.2,334.43 1 7
github.com/QuoineFinancial/liquid-chain/abi/cli_helper.go:353.2,353.21 1 7
github.com/QuoineFinancial/liquid-chain/abi/cli_helper.go:304.16,306.3 1 0
github.com/QuoineFinancial/liquid-chain/abi/cli_helper.go:307.71,309.3 1 0
github.com/QuoineFinancial/liquid-chain/abi/cli_helper.go:316.49,321.47 2 21
github.com/QuoineFinancial/liquid-chain/abi/cli_helper.go:331.3,331.46 1 21
github.com/QuoineFinancial/liquid-chain/abi/cli_helper.go:321.47,323.18 2 28
github.com/QuoineFinancial/liquid-chain/abi/cli_helper.go:326.4,329.6 1 28
github.com/QuoineFinancial/liquid-chain/abi/cli_helper.go:323.18,325.5 1 0
github.com/QuoineFinancial/liquid-chain/abi/cli_helper.go:334.43,339.44 2 14
github.com/QuoineFinancial/liquid-chain/abi/cli_helper.go:350.3,350.37 1 14
github.com/QuoineFinancial/liquid-chain/abi/cli_helper.go:339.44,341.18 2 35
github.com/QuoineFinancial/liquid-chain/abi/cli_helper.go:344.4,348.6 1 35
github.com/QuoineFinancial/liquid-chain/abi/cli_helper.go:341.18,343.5 1 0
github.com/QuoineFinancial/liquid-chain/abi/contract.go:17.50,22.54 2 1
github.com/QuoineFinancial/liquid-chain/abi/contract.go:26.2,27.16 2 1
github.com/QuoineFinancial/liquid-chain/abi/contract.go:30.2,30.46 1 1
github.com/QuoineFinancial/liquid-chain/abi/contract.go:22.54,24.3 1 0
github.com/QuoineFinancial/liquid-chain/abi/contract.go:27.16,29.3 1 0
github.com/QuoineFinancial/liquid-chain/abi/contract.go:34.49,43.2 2 1
github.com/QuoineFinancial/liquid-chain/abi/contract.go:46.50,54.2 1 1
github.com/QuoineFinancial/liquid-chain/abi/header.go:42.55,43.37 1 2
github.com/QuoineFinancial/liquid-chain/abi/header.go:46.2,46.52 1 1
github.com/QuoineFinancial/liquid-chain/abi/header.go:43.37,45.3 1 1
github.com/QuoineFinancial/liquid-chain/abi/header.go:50.63,51.33 1 2
github.com/QuoineFinancial/liquid-chain/abi/header.go:56.2,56.43 1 1
github.com/QuoineFinancial/liquid-chain/abi/header.go:51.33,52.32 1 3
github.com/QuoineFinancial/liquid-chain/abi/header.go:52.32,54.4 1 1
github.com/QuoineFinancial/liquid-chain/abi/header.go:60.65,61.46 1 2
github.com/QuoineFinancial/liquid-chain/abi/header.go:64.2,64.59 1 1
github.com/QuoineFinancial/liquid-chain/abi/header.go:61.46,63.3 1 1
github.com/QuoineFinancial/liquid-chain/abi/header.go:68.46,74.52 2 2
github.com/QuoineFinancial/liquid-chain/abi/header.go:78.2,79.44 2 2
github.com/QuoineFinancial/liquid-chain/abi/header.go:83.2,84.42 2 2
github.com/QuoineFinancial/liquid-chain/abi/header.go:89.2,89.56 1 2
github.com/QuoineFinancial/liquid-chain/abi/header.go:74.52,76.3 1 0
github.com/QuoineFinancial/liquid-chain/abi/header.go:79.44,81.3 1 6
github.com/QuoineFinancial/liquid-chain/abi/header.go:84.42,87.3 2 4
github.com/QuoineFinancial/liquid-chain/abi/header.go:94.43,96.2 1 1
github.com/QuoineFinancial/liquid-chain/abi/header.go:98.39,101.28 3 2
github.com/QuoineFinancial/liquid-chain/abi/header.go:104.2,105.27 2 2
github.com/QuoineFinancial/liquid-chain/abi/header.go:108.2,108.15 1 2
github.com/QuoineFinancial/liquid-chain/abi/header.go:101.28,103.3 1 4
github.com/QuoineFinancial/liquid-chain/abi/header.go:105.27,107.3 1 4
github.com/QuoineFinancial/liquid-chain/abi/header.go:111.45,114.31 3 2
github.com/QuoineFinancial/liquid-chain/abi/header.go:117.2,118.27 2 2
github.com/QuoineFinancial/liquid-chain/abi/header.go:121.2,121.18 1 2
github.com/QuoineFinancial/liquid-chain/abi/header.go:114.31,116.3 1 6
github.com/QuoineFinancial/liquid-chain/abi/header.go:118.27,120.3 1 6
github.com/QuoineFinancial/liquid-chain/abi/header.go:125.47,135.2 1 2
github.com/QuoineFinancial/liquid-chain/abi/header.go:138.35,140.2 1 4
github.com/QuoineFinancial/liquid-chain/abi/header.go:143.39,147.2 3 1
github.com/QuoineFinancial/liquid-chain/abi/primitive_type.go:30.41,31.11 1 11
github.com/QuoineFinancial/liquid-chain/abi/primitive_type.go:32.15,33.14 1 1
github.com/QuoineFinancial/liquid-chain/abi/primitive_type.go:34.10,35.15 1 10
github.com/QuoineFinancial/liquid-chain/abi/primitive_type.go:39.40,53.2 1 11
github.com/QuoineFinancial/liquid-chain/abi/primitive_type.go:56.44,57.11 1 80
github.com/QuoineFinancial/liquid-chain/abi/primitive_type.go:58.15,59.30 1 8
github.com/QuoineFinancial/liquid-chain/abi/primitive_type.go:60.19,61.11 1 14
github.com/QuoineFinancial/liquid-chain/abi/primitive_type.go:62.21,63.11 1 14
github.com/QuoineFinancial/liquid-chain/abi/primitive_type.go:64.30,65.11 1 23
github.com/QuoineFinancial/liquid-chain/abi/primitive_type.go:66.30,67.11 1 21
github.com/QuoineFinancial/liquid-chain/abi/primitive_type.go:68.10,69.36 1 0
github.com/QuoineFinancial/liquid-chain/abi/primitive_type.go:74.71,77.11 3 68
github.com/QuoineFinancial/liquid-chain/abi/primitive_type.go:104.2,104.17 1 68
github.com/QuoineFinancial/liquid-chain/abi/primitive_type.go:78.15,80.24 2 6
github.com/QuoineFinancial/liquid-chain/abi/primitive_type.go:81.13,82.31 1 6
github.com/QuoineFinancial/liquid-chain/abi/primitive_type.go:83.14,84.53 1 6
github.com/QuoineFinancial/liquid-chain/abi/primitive_type.go:85.14,86.53 1 8
github.com/QuoineFinancial/liquid-chain/abi/primitive_type.go:87.14,88.53 1 6
github.com/QuoineFinancial/liquid-chain/abi/primitive_type.go:89.12,90.30 1 6
github.com/QuoineFinancial/liquid-chain/abi/primitive_type.go:91.13,92.60 1 6
github.com/QuoineFinancial/liquid-chain/abi/primitive_type.go:93.13,94.60 1 6
github.com/QuoineFinancial/liquid-chain/abi/primitive_type.go:95.13,96.60 1 6
github.com/QuoineFinancial/liquid-chain/abi/primitive_type.go:97.15,98.72 1 6
github.com/QuoineFinancial/liquid-chain/abi/primitive_type.go:99.15,100.72 1 6
github.com/QuoineFinancial/liquid-chain/abi/primitive_type.go:101.10,102.54 1 0
github.com/QuoineFinancial/liquid-chain/abi/primitive_type.go:108.78,110.11 2 33
github.com/QuoineFinancial/liquid-chain/abi/primitive_type.go:247.2,247.24 1 22
github.com/QuoineFinancial/liquid-chain/abi/primitive_type.go:111.15,113.10 2 3
github.com/QuoineFinancial/liquid-chain/abi/primitive_type.go:116.3,116.28 1 2
github.com/QuoineFinancial/liquid-chain/abi/primitive_type.go:123.13,125.10 2 3
github.com/QuoineFinancial/liquid-chain/abi/primitive_type.go:128.3,128.28 1 2
github.com/QuoineFinancial/liquid-chain/abi/primitive_type.go:135.14,137.10 2 3
github.com/QuoineFinancial/liquid-chain/abi/primitive_type.go:140.3,140.28 1 2
github.com/QuoineFinancial/liquid-chain/abi/primitive_type.go:147.14,149.10 2 3
github.com/QuoineFinancial/liquid-chain/abi/primitive_type.go:152.3,152.28 1 2
github.com/QuoineFinancial/liquid-chain/abi/primitive_type.go:159.14,161.10 2 3
github.com/QuoineFinancial/liquid-chain/abi/primitive_type.go:164.3,164.28 1 2
github.com/QuoineFinancial/liquid-chain/abi/primitive_type.go:171.12,173.10 2 3
github.com/QuoineFinancial/liquid-chain/abi/primitive_type.go:176.3,176.28 1 2
github.com/QuoineFinancial/liquid-chain/abi/primitive_type.go:183.13,185.10 2 3
github.com/QuoineFinancial/liquid-chain/abi/primitive_type.go:188.3,188.28 1 2
github.com/QuoineFinancial/liquid-chain/abi/primitive_type.go:195.13,197.10 2 3
github.com/QuoineFinancial/liquid-chain/abi/primitive_type.go:200.3,200.28 1 2
github.com/QuoineFinancial/liquid-chain/abi/primitive_type.go:207.13,209.10 2 3
github.com/QuoineFinancial/liquid-chain/abi/primitive_type.go:212.3,212.28 1 2
github.com/QuoineFinancial/liquid-chain/abi/primitive_type.go:219.15,221.10 2 3
github.com/QuoineFinancial/liquid-chain/abi/primitive_type.go:224.3,224.28 1 2
github.com/QuoineFinancial/liquid-chain/abi/primitive_type.go:231.15,233.10 2 3
github.com/QuoineFinancial/liquid-chain/abi/primitive_type.go:236.3,236.28 1 2
github.com/QuoineFinancial/liquid-chain/abi/primitive_type.go:243.10,244.54 1 0
github.com/QuoineFinancial/liquid-chain/abi/primitive_type.go:113.10,115.4 1 1
github.com/QuoineFinancial/liquid-chain/abi/primitive_type.go:116.28,118.18 2 4
github.com/QuoineFinancial/liquid-chain/abi/primitive_type.go:121.4,121.40 1 4
github.com/QuoineFinancial/liquid-chain/abi/primitive_type.go:118.18,120.5 1 0
github.com/QuoineFinancial/liquid-chain/abi/primitive_type.go:125.10,127.4 1 1
github.com/QuoineFinancial/liquid-chain/abi/primitive_type.go:128.28,130.18 2 4
github.com/QuoineFinancial/liquid-chain/abi/primitive_type.go:133.4,133.40 1 4
github.com/QuoineFinancial/liquid-chain/abi/primitive_type.go:130.18,132.5 1 0
github.com/QuoineFinancial/liquid-chain/abi/primitive_type.go:137.10,139.4 1 1
github.com/QuoineFinancial/liquid-chain/abi/primitive_type.go:140.28,142.18 2 4
github.com/QuoineFinancial/liquid-chain/abi/primitive_type.go:145.4,145.40 1 4
github.com/QuoineFinancial/liquid-chain/abi/primitive_type.go:142.18,144.5 1 0
github.com/QuoineFinancial/liquid-chain/abi/primitive_type.go:149.10,151.4 1 1
github.com/QuoineFinancial/liquid-chain/abi/primitive_type.go:152.28,154.18 2 6
github.com/QuoineFinancial/liquid-chain/abi/primitive_type.go:157.4,157.40 1 6
github.com/QuoineFinancial/liquid-chain/abi/primitive_type.go:154.18,156.5 1 0
github.com/QuoineFinancial/liquid-chain/abi/primitive_type.go:161.10,163.4 1 1
github.com/QuoineFinancial/liquid-chain/abi/primitive_type.go:164.28,166.18 2 4
github.com/QuoineFinancial/liquid-chain/abi/primitive_type.go:169.4,169.40 1 4
github.com/QuoineFinancial/liquid-chain/abi/primitive_type.go:166.18,168.5 1 0
github.com/QuoineFinancial/liquid-chain/abi/primitive_type.go:173.10,175.4 1 1
github.com/QuoineFinancial/liquid-chain/abi/primitive_type.go:176.28,178.18 2 4
github.com/QuoineFinancial/liquid-chain/abi/primitive_type.go:181.4,181.40 1 4
github.com/QuoineFinancial/liquid-chain/abi/primitive_type.go:178.18,180.5 1 0
github.com/QuoineFinancial/liquid-chain/abi/primitive_type.go:185.10,187.4 1 1
github.com/QuoineFinancial/liquid-chain/abi/primitive_type.go:188.28,190.18 2 4
github.com/QuoineFinancial/liquid-chain/abi/primitive_type.go:193.4,193.40 1 4
github.com/QuoineFinancial/liquid-chain/abi/primitive_type.go:190.18,192.5 1 0
github.com/QuoineFinancial/liquid-chain/abi/primitive_type.go:197.10,199.4 1 1
github.com/QuoineFinancial/liquid-chain/abi/primitive_type.go:200.28,202.18 2 4
github.com/QuoineFinancial/liquid-chain/abi/primitive_type.go:205.4,205.40 1 4
github.com/QuoineFinancial/liquid-chain/abi/primitive_type.go:202.18,204.5 1 0
github.com/QuoineFinancial/liquid-chain/abi/primitive_type.go:209.10,211.4 1 1
github.com/QuoineFinancial/liquid-chain/abi/primitive_type.go:212.28,214.18 2 4
github.com/QuoineFinancial/liquid-chain/abi/primitive_type.go:217.4,217.40 1 4
github.com/QuoineFinancial/liquid-chain/abi/primitive_type.go:214.18,216.5 1 0
github.com/QuoineFinancial/liquid-chain/abi/primitive_type.go:221.10,223.4 1 1
github.com/QuoineFinancial/liquid-chain/abi/primitive_type.go:224.28,226.18 2 4
github.com/QuoineFinancial/liquid-chain/abi/primitive_type.go:229.4,229.40 1 4
github.com/QuoineFinancial/liquid-chain/abi/primitive_type.go:226.18,228.5 1 0
github.com/QuoineFinancial/liquid-chain/abi/primitive_type.go:233.10,235.4 1 1
github.com/QuoineFinancial/liquid-chain/abi/primitive_type.go:236.28,238.18 2 4
github.com/QuoineFinancial/liquid-chain/abi/primitive_type.go:241.4,241.40 1 4
github.com/QuoineFinancial/liquid-chain/abi/primitive_type.go:238.18,240.5 1 0
github.com/QuoineFinancial/liquid-chain/trie/encoding.go:3.38,5.18 2 0
github.com/QuoineFinancial/liquid-chain/trie/encoding.go:9.2,11.21 3 0
github.com/QuoineFinancial/liquid-chain/trie/encoding.go:16.2,17.12 2 0
github.com/QuoineFinancial/liquid-chain/trie/encoding.go:5.18,8.3 2 0
github.com/QuoineFinancial/liquid-chain/trie/encoding.go:11.21,15.3 3 0
github.com/QuoineFinancial/liquid-chain/trie/encoding.go:20.42,21.23 1 0
github.com/QuoineFinancial/liquid-chain/trie/encoding.go:24.2,26.17 2 0
github.com/QuoineFinancial/liquid-chain/trie/encoding.go:30.2,31.20 2 0
github.com/QuoineFinancial/liquid-chain/trie/encoding.go:21.23,23.3 1 0
github.com/QuoineFinancial/liquid-chain/trie/encoding.go:26.17,28.3 1 0
github.com/QuoineFinancial/liquid-chain/trie/encoding.go:34.39,37.24 3 0
github.com/QuoineFinancial/liquid-chain/trie/encoding.go:41.2,42.16 2 0
github.com/QuoineFinancial/liquid-chain/trie/encoding.go:37.24,40.3 2 0
github.com/QuoineFinancial/liquid-chain/trie/encoding.go:47.39,48.18 1 0
github.com/QuoineFinancial/liquid-chain/trie/encoding.go:51.2,51.21 1 0
github.com/QuoineFinancial/liquid-chain/trie/encoding.go:54.2,56.12 3 0
github.com/QuoineFinancial/liquid-chain/trie/encoding.go:48.18,50.3 1 0
github.com/QuoineFinancial/liquid-chain/trie/encoding.go:51.21,52.47 1 0
github.com/QuoineFinancial/liquid-chain/trie/encoding.go:59.50,60.38 1 0
github.com/QuoineFinancial/liquid-chain/trie/encoding.go:60.38,62.3 1 0
github.com/QuoineFinancial/liquid-chain/trie/encoding.go:65.24,66.11 1 0
github.com/QuoineFinancial/liquid-chain/trie/encoding.go:69.2,69.10 1 0
github.com/QuoineFinancial/liquid-chain/trie/encoding.go:66.11,68.3 1 0
github.com/QuoineFinancial/liquid-chain/trie/encoding.go:73.49,75.37 2 0
github.com/QuoineFinancial/liquid-chain/trie/encoding.go:80.2,80.10 1 0
github.com/QuoineFinancial/liquid-chain/trie/encoding.go:75.37,76.19 1 0
github.com/QuoineFinancial/liquid-chain/trie/encoding.go:76.19,77.9 1 0
github.com/QuoineFinancial/liquid-chain/trie/encoding.go:84.29,86.2 1 0
github.com/QuoineFinancial/liquid-chain/trie/hasher.go:32.56,35.2 2 0
github.com/QuoineFinancial/liquid-chain/trie/hasher.go:37.26,37.46 1 0
github.com/QuoineFinancial/liquid-chain/trie/hasher.go:41.26,47.3 2 0
github.com/QuoineFinancial/liquid-chain/trie/hasher.go:50.26,50.63 1 0
github.com/QuoineFinancial/liquid-chain/trie/hasher.go:52.36,52.57 1 0
github.com/QuoineFinancial/liquid-chain/trie/hasher.go:54.82,55.46 1 0
github.com/QuoineFinancial/liquid-chain/trie/hasher.go:70.2,71.16 2 0
github.com/QuoineFinancial/liquid-chain/trie/hasher.go:74.2,75.16 2 0
github.com/QuoineFinancial/liquid-chain/trie/hasher.go:82.2,83.37 2 0
github.com/QuoineFinancial/liquid-chain/trie/hasher.go:95.2,95.28 1 0
github.com/QuoineFinancial/liquid-chain/trie/hasher.go:55.46,56.16 1 0
github.com/QuoineFinancial/liquid-chain/trie/hasher.go:59.3,59.13 1 0
github.com/QuoineFinancial/liquid-chain/trie/hasher.go:56.16,58.4 1 0
github.com/QuoineFinancial/liquid-chain/trie/hasher.go:59.13,60.23 1 0
github.com/QuoineFinancial/liquid-chain/trie/hasher.go:61.33,62.27 1 0
github.com/QuoineFinancial/liquid-chain/trie/hasher.go:63.12,64.27 1 0
github.com/QuoineFinancial/liquid-chain/trie/hasher.go:71.16,73.3 1 0
github.com/QuoineFinancial/liquid-chain/trie/hasher.go:75.16,77.3 1 0
github.com/QuoineFinancial/liquid-chain/trie/hasher.go:84.18,86.16 2 0
github.com/QuoineFinancial/liquid-chain/trie/hasher.go:89.19,91.16 2 0
github.com/QuoineFinancial/liquid-chain/trie/hasher.go:86.16,88.4 1 0
github.com/QuoineFinancial/liquid-chain/trie/hasher.go:91.16,93.4 1 0
github.com/QuoineFinancial/liquid-chain/trie/hasher.go:101.82,104.33 2 0
github.com/QuoineFinancial/liquid-chain/trie/hasher.go:105.18,110.43 4 0
github.com/QuoineFinancial/liquid-chain/trie/hasher.go:116.3,116.32 1 0
github.com/QuoineFinancial/liquid-chain/trie/hasher.go:118.19,121.27 2 0
github.com/QuoineFinancial/liquid-chain/trie/hasher.go:130.3,131.32 2 0
github.com/QuoineFinancial/liquid-chain/trie/hasher.go:133.10,135.29 1 0
github.com/QuoineFinancial/liquid-chain/trie/hasher.go:110.43,112.18 2 0
github.com/QuoineFinancial/liquid-chain/trie/hasher.go:112.18,114.5 1 0
github.com/QuoineFinancial/liquid-chain/trie/hasher.go:121.27,122.31 1 0
github.com/QuoineFinancial/liquid-chain/trie/hasher.go:125.4,126.18 2 0
github.com/QuoineFinancial/liquid-chain/trie/hasher.go:122.31,123.13 1 0
github.com/QuoineFinancial/liquid-chain/trie/hasher.go:126.18,128.5 1 0
github.com/QuoineFinancial/liquid-chain/trie/hasher.go:142.77,145.57 1 0
github.com/QuoineFinancial/liquid-chain/trie/hasher.go:150.2,151.49 2 0
github.com/QuoineFinancial/liquid-chain/trie/hasher.go:154.2,154.39 1 0
github.com/QuoineFinancial/liquid-chain/trie/hasher.go:159.2,160.17 2 0
github.com/QuoineFinancial/liquid-chain/trie/hasher.go:169.2,169.15 1 0
github.com/QuoineFinancial/liquid-chain/trie/hasher.go:173.2,173.18 1 0
github.com/QuoineFinancial/liquid-chain/trie/hasher.go:145.57,147.3 1 0
github.com/QuoineFinancial/liquid-chain/trie/hasher.go:151.49,152.40 1 0
github.com/QuoineFinancial/liquid-chain/trie/hasher.go:154.39,156.3 1 0
github.com/QuoineFinancial/liquid-chain/trie/hasher.go:160.17,163.17 3 0
github.com/QuoineFinancial/liquid-chain/trie/hasher.go:163.17,165.4 1 0
github.com/QuoineFinancial/liquid-chain/trie/hasher.go:169.15,171.3 1 0
github.com/QuoineFinancial/liquid-chain/trie/hasher.go:176.51,179.16 3 0
github.com/QuoineFinancial/liquid-chain/trie/hasher.go:182.2,182.35 1 0
github.com/QuoineFinancial/liquid-chain/trie/hasher.go:179.16,181.3 1 0
github.com/QuoineFinancial/liquid-chain/trie/node.go:30.41,30.69 2 0
github.com/QuoineFinancial/liquid-chain/trie/node.go:31.41,31.69 2 0
github.com/QuoineFinancial/liquid-chain/trie/node.go:34.51,36.36 2 0
github.com/QuoineFinancial/liquid-chain/trie/node.go:43.2,43.29 1 0
github.com/QuoineFinancial/liquid-chain/trie/node.go:36.36,37.19 1 0
github.com/QuoineFinancial/liquid-chain/trie/node.go:37.19,39.4 1 0
github.com/QuoineFinancial/liquid-chain/trie/node.go:39.9,41.4 1 0
github.com/QuoineFinancial/liquid-chain/trie/node.go:52.47,52.85 1 0
github.com/QuoineFinancial/liquid-chain/trie/node.go:53.47,53.85 1 0
github.com/QuoineFinancial/liquid-chain/trie/node.go:54.47,54.67 1 0
github.com/QuoineFinancial/liquid-chain/trie/node.go:55.47,55.67 1 0
github.com/QuoineFinancial/liquid-chain/trie/node.go:57.44,58.66 1 0
github.com/QuoineFinancial/liquid-chain/trie/node.go:62.2,63.16 2 0
github.com/QuoineFinancial/liquid-chain/trie/node.go:66.2,66.13 1 0
github.com/QuoineFinancial/liquid-chain/trie/node.go:58.66,61.3 1 0
github.com/QuoineFinancial/liquid-chain/trie/node.go:63.16,64.47 1 0
github.com/QuoineFinancial/liquid-chain/trie/node.go:70.49,71.19 1 0
github.com/QuoineFinancial/liquid-chain/trie/node.go:74.2,75.16 2 0
github.com/QuoineFinancial/liquid-chain/trie/node.go:78.2,78.54 1 0
github.com/QuoineFinancial/liquid-chain/trie/node.go:71.19,73.3 1 0
github.com/QuoineFinancial/liquid-chain/trie/node.go:75.16,77.3 1 0
github.com/QuoineFinancial/liquid-chain/trie/node.go:79.9,80.29 1 0
github.com/QuoineFinancial/liquid-chain/trie/node.go:81.9,83.19 2 0
github.com/QuoineFinancial/liquid-chain/trie/node.go:84.10,86.19 2 0
github.com/QuoineFinancial/liquid-chain/trie/node.go:87.10,88.67 1 0
github.com/QuoineFinancial/liquid-chain/trie/node.go:92.65,94.16 2 0
github.com/QuoineFinancial/liquid-chain/trie/node.go:97.2,101.18 3 0
github.com/QuoineFinancial/liquid-chain/trie/node.go:114.2,115.16 2 0
github.com/QuoineFinancial/liquid-chain/trie/node.go:118.2,122.8 1 0
github.com/QuoineFinancial/liquid-chain/trie/node.go:94.16,96.3 1 0
github.com/QuoineFinancial/liquid-chain/trie/node.go:101.18,103.17 2 0
github.com/QuoineFinancial/liquid-chain/trie/node.go:106.3,110.9 1 0
github.com/QuoineFinancial/liquid-chain/trie/node.go:103.17,105.4 1 0
github.com/QuoineFinancial/liquid-chain/trie/node.go:115.16,117.3 1 0
github.com/QuoineFinancial/liquid-chain/trie/node.go:125.67,127.26 2 0
github.com/QuoineFinancial/liquid-chain/trie/node.go:135.2,136.16 2 0
github.com/QuoineFinancial/liquid-chain/trie/node.go:139.2,139.20 1 0
github.com/QuoineFinancial/liquid-chain/trie/node.go:142.2,142.18 1 0
github.com/QuoineFinancial/liquid-chain/trie/node.go:127.26,129.17 2 0
github.com/QuoineFinancial/liquid-chain/trie/node.go:132.3,133.18 2 0
github.com/QuoineFinancial/liquid-chain/trie/node.go:129.17,131.4 1 0
github.com/QuoineFinancial/liquid-chain/trie/node.go:136.16,138.3 1 0
github.com/QuoineFinancial/liquid-chain/trie/node.go:139.20,141.3 1 0
github.com/QuoineFinancial/liquid-chain/trie/node.go:147.50,149.16 2 0
github.com/QuoineFinancial/liquid-chain/trie/node.go:152.2,152.9 1 0
github.com/QuoineFinancial/liquid-chain/trie/node.go:149.16,151.3 1 0
github.com/QuoineFinancial/liquid-chain/trie/node.go:153.24,158.21 2 0
github.com/QuoineFinancial/liquid-chain/trie/node.go:162.3,163.22 2 0
github.com/QuoineFinancial/liquid-chain/trie/node.go:164.45,166.24 1 0
github.com/QuoineFinancial/liquid-chain/trie/node.go:167.46,168.49 1 0
github.com/QuoineFinancial/liquid-chain/trie/node.go:169.10,170.87 1 0
github.com/QuoineFinancial/liquid-chain/trie/node.go:158.21,161.4 2 0
github.com/QuoineFinancial/liquid-chain/trie/trie.go:21.56,22.15 1 0
github.com/QuoineFinancial/liquid-chain/trie/trie.go:25.2,26.26 2 0
github.com/QuoineFinancial/liquid-chain/trie/trie.go:33.2,33.18 1 0
github.com/QuoineFinancial/liquid-chain/trie/trie.go:22.15,23.46 1 0
github.com/QuoineFinancial/liquid-chain/trie/trie.go:26.26,28.17 2 0
github.com/QuoineFinancial/liquid-chain/trie/trie.go:31.3,31.23 1 0
github.com/QuoineFinancial/liquid-chain/trie/trie.go:28.17,30.4 1 0
github.com/QuoineFinancial/liquid-chain/trie/trie.go:37.57,40.17 3 0
github.com/QuoineFinancial/liquid-chain/trie/trie.go:43.2,43.43 1 0
github.com/QuoineFinancial/liquid-chain/trie/trie.go:40.17,42.3 1 0
github.com/QuoineFinancial/liquid-chain/trie/trie.go:46.38,46.70 1 0
github.com/QuoineFinancial/liquid-chain/trie/trie.go:48.98,52.36 2 0
github.com/QuoineFinancial/liquid-chain/trie/trie.go:64.2,69.16 4 0
github.com/QuoineFinancial/liquid-chain/trie/trie.go:74.2,75.16 2 0
github.com/QuoineFinancial/liquid-chain/trie/trie.go:80.2,80.24 1 0
github.com/QuoineFinancial/liquid-chain/trie/trie.go:85.2,85.75 1 0
github.com/QuoineFinancial/liquid-chain/trie/trie.go:52.36,54.13 2 0
github.com/QuoineFinancial/liquid-chain/trie/trie.go:57.3,57.17 1 0
github.com/QuoineFinancial/liquid-chain/trie/trie.go:60.3,60.66 1 0
github.com/QuoineFinancial/liquid-chain/trie/trie.go:54.13,56.4 1 0
github.com/QuoineFinancial/liquid-chain/trie/trie.go:57.17,59.4 1 0
github.com/QuoineFinancial/liquid-chain/trie/trie.go:69.16,71.3 1 0
github.com/QuoineFinancial/liquid-chain/trie/trie.go:75.16,77.3 1 0
github.com/QuoineFinancial/liquid-chain/trie/trie.go:80.24,82.3 1 0
github.com/QuoineFinancial/liquid-chain/trie/trie.go:88.100,90.26 2 0
github.com/QuoineFinancial/liquid-chain/trie/trie.go:93.2,96.24 4 0
github.com/QuoineFinancial/liquid-chain/trie/trie.go:90.26,92.3 1 0
github.com/QuoineFinancial/liquid-chain/trie/trie.go:99.95,101.16 2 0
github.com/QuoineFinancial/liquid-chain/trie/trie.go:104.2,105.12 2 0
github.com/QuoineFinancial/liquid-chain/trie/trie.go:108.2,108.16 1 0
github.com/QuoineFinancial/liquid-chain/trie/trie.go:111.2,111.27 1 0
github.com/QuoineFinancial/liquid-chain/trie/trie.go:101.16,103.3 1 0
github.com/QuoineFinancial/liquid-chain/trie/trie.go:105.12,107.3 1 0
github.com/QuoineFinancial/liquid-chain/trie/trie.go:108.16,110.3 1 0
github.com/QuoineFinancial/liquid-chain/trie/trie.go:114.81,115.19 1 0
github.com/QuoineFinancial/liquid-chain/trie/trie.go:121.2,121.29 1 0
github.com/QuoineFinancial/liquid-chain/trie/trie.go:115.19,116.36 1 0
github.com/QuoineFinancial/liquid-chain/trie/trie.go:119.3,119.26 1 0
github.com/QuoineFinancial/liquid-chain/trie/trie.go:116.36,118.4 1 0
github.com/QuoineFinancial/liquid-chain/trie/trie.go:122.18,123.50 1 0
github.com/QuoineFinancial/liquid-chain/trie/trie.go:124.19,125.51 1 0
github.com/QuoineFinancial/liquid-chain/trie/trie.go:126.16,127.49 1 0
github.com/QuoineFinancial/liquid-chain/trie/trie.go:128.11,133.9 1 0
github.com/QuoineFinancial/liquid-chain/trie/trie.go:134.10,135.57 1 0
github.com/QuoineFinancial/liquid-chain/trie/trie.go:140.51,142.20 2 0
github.com/QuoineFinancial/liquid-chain/trie/trie.go:155.2,155.12 1 0
github.com/QuoineFinancial/liquid-chain/trie/trie.go:142.20,144.17 2 0
github.com/QuoineFinancial/liquid-chain/trie/trie.go:147.3,147.22 1 0
github.com/QuoineFinancial/liquid-chain/trie/trie.go:144.17,146.4 1 0
github.com/QuoineFinancial/liquid-chain/trie/trie.go:148.8,150.17 2 0
github.com/QuoineFinancial/liquid-chain/trie/trie.go:153.3,153.22 1 0
github.com/QuoineFinancial/liquid-chain/trie/trie.go:150.17,152.4 1 0
github.com/QuoineFinancial/liquid-chain/trie/trie.go:159.38,163.2 3 0
github.com/QuoineFinancial/liquid-chain/trie/trie.go:166.42,168.16 2 0
github.com/QuoineFinancial/liquid-chain/trie/trie.go:171.2,172.49 2 0
github.com/QuoineFinancial/liquid-chain/trie/trie.go:168.16,170.3 1 0
github.com/QuoineFinancial/liquid-chain/trie/trie.go:175.64,178.22 3 0
github.com/QuoineFinancial/liquid-chain/trie/trie.go:183.2,183.41 1 0
github.com/QuoineFinancial/liquid-chain/trie/trie.go:178.22,182.3 2 0
github.com/QuoineFinancial/liquid-chain/trie/trie.go:188.51,191.35 3 0
github.com/QuoineFinancial/liquid-chain/trie/trie.go:194.2,194.19 1 0
github.com/QuoineFinancial/liquid-chain/trie/trie.go:191.35,193.3 1 0
github.com/QuoineFinancial/liquid-chain/trie/trie.go:197.129,198.36 1 0
github.com/QuoineFinancial/liquid-chain/trie/trie.go:199.18,200.104 1 0
github.com/QuoineFinancial/liquid-chain/trie/trie.go:204.3,205.36 2 0
github.com/QuoineFinancial/liquid-chain/trie/trie.go:209.3,209.43 1 0
github.com/QuoineFinancial/liquid-chain/trie/trie.go:211.19,213.36 2 0
github.com/QuoineFinancial/liquid-chain/trie/trie.go:217.3,217.43 1 0
github.com/QuoineFinancial/liquid-chain/trie/trie.go:219.11,220.30 1 0
github.com/QuoineFinancial/liquid-chain/trie/trie.go:222.17,223.32 1 0
github.com/QuoineFinancial/liquid-chain/trie/trie.go:225.16,227.17 2 0
github.com/QuoineFinancial/liquid-chain/trie/trie.go:230.3,231.35 2 0
github.com/QuoineFinancial/liquid-chain/trie/trie.go:233.10,234.71 1 0
github.com/QuoineFinancial/liquid-chain/trie/trie.go:200.104,203.4 1 0
github.com/QuoineFinancial/liquid-chain/trie/trie.go:205.36,208.4 2 0
github.com/QuoineFinancial/liquid-chain/trie/trie.go:213.36,216.4 2 0
github.com/QuoineFinancial/liquid-chain/trie/trie.go:227.17,229.4 1 0
github.com/QuoineFinancial/liquid-chain/trie/trie.go:238.52,239.37 1 0
github.com/QuoineFinancial/liquid-chain/trie/trie.go:242.2,242.18 1 0
github.com/QuoineFinancial/liquid-chain/trie/trie.go:239.37,241.3 1 0
github.com/QuoineFinancial/liquid-chain/trie/trie.go:245.69,246.29 1 0
github.com/QuoineFinancial/liquid-chain/trie/trie.go:247.18,249.36 2 0
github.com/QuoineFinancial/liquid-chain/trie/trie.go:252.3,252.32 1 0
github.com/QuoineFinancial/liquid-chain/trie/trie.go:255.3,255.97 1 0
github.com/QuoineFinancial/liquid-chain/trie/trie.go:276.19,278.27 2 0
github.com/QuoineFinancial/liquid-chain/trie/trie.go:281.3,285.40 5 0
github.com/QuoineFinancial/liquid-chain/trie/trie.go:295.3,295.15 1 0
github.com/QuoineFinancial/liquid-chain/trie/trie.go:308.3,308.25 1 0
github.com/QuoineFinancial/liquid-chain/trie/trie.go:310.17,311.24 1 0
github.com/QuoineFinancial/liquid-chain/trie/trie.go:313.11,314.25 1 0
github.com/QuoineFinancial/liquid-chain/trie/trie.go:316.16,318.17 2 0
github.com/QuoineFinancial/liquid-chain/trie/trie.go:321.3,322.27 2 0
github.com/QuoineFinancial/liquid-chain/trie/trie.go:325.3,325.28 1 0
github.com/QuoineFinancial/liquid-chain/trie/trie.go:327.10,328.67 1 0
github.com/QuoineFinancial/liquid-chain/trie/trie.go:249.36,251.4 1 0
github.com/QuoineFinancial/liquid-chain/trie/trie.go:252.32,254.4 1 0
github.com/QuoineFinancial/liquid-chain/trie/trie.go:255.97,256.41 1 0
github.com/QuoineFinancial/liquid-chain/trie/trie.go:257.20,263.11 1 0
github.com/QuoineFinancial/liquid-chain/trie/trie.go:264.12,270.11 1 0
github.com/QuoineFinancial/liquid-chain/trie/trie.go:272.9,274.4 1 0
github.com/QuoineFinancial/liquid-chain/trie/trie.go:278.27,280.4 1 0
github.com/QuoineFinancial/liquid-chain/trie/trie.go:285.40,286.20 1 0
github.com/QuoineFinancial/liquid-chain/trie/trie.go:286.20,287.18 1 0
github.com/QuoineFinancial/liquid-chain/trie/trie.go:287.18,289.6 1 0
github.com/QuoineFinancial/liquid-chain/trie/trie.go:289.11,291.11 2 0
github.com/QuoineFinancial/liquid-chain/trie/trie.go:295.15,296.17 1 0
github.com/QuoineFinancial/liquid-chain/trie/trie.go:306.4,306.87 1 0
github.com/QuoineFinancial/liquid-chain/trie/trie.go:296.17,298.19 2 0
github.com/QuoineFinancial/liquid-chain/trie/trie.go:301.5,301.52 1 0
github.com/QuoineFinancial/liquid-chain/trie/trie.go:298.19,300.6 1 0
github.com/QuoineFinancial/liquid-chain/trie/trie.go:301.52,304.6 2 0
github.com/QuoineFinancial/liquid-chain/trie/trie.go:318.17,320.4 1 0
github.com/QuoineFinancial/liquid-chain/trie/trie.go:322.27,324.4 1 0
github.com/QuoineFinancial/liquid-chain/db/batch.go:14.38,20.2 2 0
github.com/QuoineFinancial/liquid-chain/db/batch.go:23.47,25.2 1 0
github.com/QuoineFinancial/liquid-chain/db/batch.go:28.36,30.2 1 0
github.com/QuoineFinancial/liquid-chain/db/batch.go:33.25,35.2 1 0
github.com/QuoineFinancial/liquid-chain/db/memorydb.go:14.30,18.2 1 0
github.com/QuoineFinancial/liquid-chain/db/memorydb.go:21.44,24.2 2 0
github.com/QuoineFinancial/liquid-chain/db/memorydb.go:27.51,29.2 1 0
github.com/QuoineFinancial/liquid-chain/db/memorydb.go:32.40,35.2 2 0
github.com/QuoineFinancial/liquid-chain/db/rocksdb.go:14.39,21.16 7 0
github.com/QuoineFinancial/liquid-chain/db/rocksdb.go:24.2,27.3 1 0
github.com/QuoineFinancial/liquid-chain/db/rocksdb.go:21.16,22.13 1 0
github.com/QuoineFinancial/liquid-chain/db/rocksdb.go:31.48,33.2 1 0
github.com/QuoineFinancial/liquid-chain/db/rocksdb.go:36.43,40.16 4 0
github.com/QuoineFinancial/liquid-chain/db/rocksdb.go:43.2,43.21 1 0
github.com/QuoineFinancial/liquid-chain/db/rocksdb.go:40.16,41.13 1 0
github.com/QuoineFinancial/liquid-chain/db/rocksdb.go:47.50,50.56 3 0
github.com/QuoineFinancial/liquid-chain/db/rocksdb.go:50.56,51.13 1 0
github.com/QuoineFinancial/liquid-chain/db/rocksdb.go:56.39,59.52 3 0
github.com/QuoineFinancial/liquid-chain/db/rocksdb.go:59.52,60.13 1 0
github.com/QuoineFinancial/liquid-chain/crc16/main.go:95.35,98.25 3 6
github.com/QuoineFinancial/liquid-chain/crc16/main.go:102.2,103.16 2 6
github.com/QuoineFinancial/liquid-chain/crc16/main.go:107.2,107.20 1 6
github.com/QuoineFinancial/liquid-chain/crc16/main.go:98.25,100.3 1 198
github.com/QuoineFinancial/liquid-chain/crc16/main.go:103.16,104.13 1 0
github.com/QuoineFinancial/liquid-chain/crc16/main.go:112.51,117.36 2 3
github.com/QuoineFinancial/liquid-chain/crc16/main.go:121.2,121.12 1 2
github.com/QuoineFinancial/liquid-chain/crc16/main.go:117.36,119.3 1 1
github.com/QuoineFinancial/liquid-chain/crypto/address.go:23.44,24.27 1 4
github.com/QuoineFinancial/liquid-chain/crypto/address.go:27.2,27.41 1 4
github.com/QuoineFinancial/liquid-chain/crypto/address.go:24.27,26.3 1 1
github.com/QuoineFinancial/liquid-chain/crypto/address.go:31.41,33.2 1 3
github.com/QuoineFinancial/liquid-chain/crypto/address.go:36.44,41.73 3 3
github.com/QuoineFinancial/liquid-chain/crypto/address.go:46.2,46.42 1 3
github.com/QuoineFinancial/liquid-chain/crypto/address.go:51.2,52.47 2 3
github.com/QuoineFinancial/liquid-chain/crypto/address.go:55.2,57.16 3 3
github.com/QuoineFinancial/liquid-chain/crypto/address.go:41.73,43.3 1 0
github.com/QuoineFinancial/liquid-chain/crypto/address.go:46.42,48.3 1 0
github.com/QuoineFinancial/liquid-chain/crypto/address.go:52.47,54.3 1 0
github.com/QuoineFinancial/liquid-chain/crypto/address.go:61.57,63.16 2 5
github.com/QuoineFinancial/liquid-chain/crypto/address.go:66.2,67.39 2 2
github.com/QuoineFinancial/liquid-chain/crypto/address.go:63.16,65.3 1 3
github.com/QuoineFinancial/liquid-chain/crypto/address.go:71.41,75.2 3 1
github.com/QuoineFinancial/liquid-chain/crypto/address.go:77.47,79.16 2 5
github.com/QuoineFinancial/liquid-chain/crypto/address.go:83.2,83.18 1 4
github.com/QuoineFinancial/liquid-chain/crypto/address.go:87.2,87.17 1 4
github.com/QuoineFinancial/liquid-chain/crypto/address.go:79.16,81.3 1 1
github.com/QuoineFinancial/liquid-chain/crypto/address.go:83.18,85.3 1 0
github.com/QuoineFinancial/liquid-chain/crypto/address.go:90.63,92.16 2 5
github.com/QuoineFinancial/liquid-chain/crypto/address.go:95.2,100.25 5 4
github.com/QuoineFinancial/liquid-chain/crypto/address.go:105.2,105.59 1 3
github.com/QuoineFinancial/liquid-chain/crypto/address.go:108.2,108.21 1 2
github.com/QuoineFinancial/liquid-chain/crypto/address.go:92.16,94.3 1 1
github.com/QuoineFinancial/liquid-chain/crypto/address.go:100.25,102.3 1 1
github.com/QuoineFinancial/liquid-chain/crypto/address.go:105.59,107.3 1 1
github.com/QuoineFinancial/liquid-chain/crypto/transaction.go:41.45,43.2 1 0
github.com/QuoineFinancial/liquid-chain/crypto/transaction.go:46.51,50.2 3 1
github.com/QuoineFinancial/liquid-chain/crypto/transaction.go:53.42,55.2 1 4
github.com/QuoineFinancial/liquid-chain/crypto/transaction.go:58.30,60.2 1 2
github.com/QuoineFinancial/liquid-chain/crypto/transaction.go:63.44,67.2 3 4
github.com/QuoineFinancial/liquid-chain/crypto/transaction.go:70.40,71.42 1 3
github.com/QuoineFinancial/liquid-chain/crypto/transaction.go:75.2,76.36 2 2
github.com/QuoineFinancial/liquid-chain/crypto/transaction.go:80.2,80.38 1 1
github.com/QuoineFinancial/liquid-chain/crypto/transaction.go:71.42,73.3 1 1
github.com/QuoineFinancial/liquid-chain/crypto/transaction.go:76.36,78.3 1 1
github.com/QuoineFinancial/liquid-chain/crypto/transaction.go:84.54,90.16 5 2
github.com/QuoineFinancial/liquid-chain/crypto/transaction.go:93.2,94.12 2 2
github.com/QuoineFinancial/liquid-chain/crypto/transaction.go:90.16,92.3 1 0
github.com/QuoineFinancial/liquid-chain/crypto/transaction.go:98.34,101.16 3 2
github.com/QuoineFinancial/liquid-chain/crypto/transaction.go:104.2,104.59 1 2
github.com/QuoineFinancial/liquid-chain/crypto/transaction.go:101.16,103.3 1 0
github.com/QuoineFinancial/liquid-chain/crypto/transaction.go:108.34,111.2 2 1
github.com/QuoineFinancial/liquid-chain/crypto/transaction.go:114.42,117.2 2 1
github.com/QuoineFinancial/liquid-chain/crypto/transaction.go:120.46,123.2 2 2
github.com/QuoineFinancial/liquid-chain/crypto/transaction.go:126.44,127.49 1 1
github.com/QuoineFinancial/liquid-chain/crypto/transaction.go:130.2,130.12 1 1
github.com/QuoineFinancial/liquid-chain/crypto/transaction.go:127.49,129.3 1 0
github.com/QuoineFinancial/liquid-chain/crypto/transaction.go:134.52,136.2 1 1
github.com/QuoineFinancial/liquid-chain/crypto/transaction.go:139.56,141.2 1 1
github.com/QuoineFinancial/liquid-chain/db/batch.go:14.38,20.2 2 0
github.com/QuoineFinancial/liquid-chain/db/batch.go:23.47,25.2 1 0
github.com/QuoineFinancial/liquid-chain/db/batch.go:28.36,30.2 1 0
github.com/QuoineFinancial/liquid-chain/db/batch.go:33.25,35.2 1 0
github.com/QuoineFinancial/liquid-chain/db/memorydb.go:14.30,18.2 1 0
github.com/QuoineFinancial/liquid-chain/db/memorydb.go:21.44,24.2 2 0
github.com/QuoineFinancial/liquid-chain/db/memorydb.go:27.51,29.2 1 0
github.com/QuoineFinancial/liquid-chain/db/memorydb.go:32.40,35.2 2 0
github.com/QuoineFinancial/liquid-chain/db/rocksdb.go:14.39,21.16 7 1
github.com/QuoineFinancial/liquid-chain/db/rocksdb.go:24.2,27.3 1 1
github.com/QuoineFinancial/liquid-chain/db/rocksdb.go:21.16,22.13 1 0
github.com/QuoineFinancial/liquid-chain/db/rocksdb.go:31.48,33.2 1 0
github.com/QuoineFinancial/liquid-chain/db/rocksdb.go:36.43,40.16 4 4
github.com/QuoineFinancial/liquid-chain/db/rocksdb.go:43.2,43.21 1 4
github.com/QuoineFinancial/liquid-chain/db/rocksdb.go:40.16,41.13 1 0
github.com/QuoineFinancial/liquid-chain/db/rocksdb.go:47.50,50.56 3 4
github.com/QuoineFinancial/liquid-chain/db/rocksdb.go:50.56,51.13 1 0
github.com/QuoineFinancial/liquid-chain/db/rocksdb.go:56.39,59.52 3 0
github.com/QuoineFinancial/liquid-chain/db/rocksdb.go:59.52,60.13 1 0
github.com/QuoineFinancial/liquid-chain/abi/abi.go:11.72,12.32 1 10
github.com/QuoineFinancial/liquid-chain/abi/abi.go:16.2,18.35 2 10
github.com/QuoineFinancial/liquid-chain/abi/abi.go:33.2,34.16 2 10
github.com/QuoineFinancial/liquid-chain/abi/abi.go:37.2,37.20 1 10
github.com/QuoineFinancial/liquid-chain/abi/abi.go:12.32,14.3 1 0
github.com/QuoineFinancial/liquid-chain/abi/abi.go:18.35,19.20 1 11
github.com/QuoineFinancial/liquid-chain/abi/abi.go:19.20,21.18 2 3
github.com/QuoineFinancial/liquid-chain/abi/abi.go:24.4,24.59 1 3
github.com/QuoineFinancial/liquid-chain/abi/abi.go:21.18,23.5 1 0
github.com/QuoineFinancial/liquid-chain/abi/abi.go:25.9,27.18 2 8
github.com/QuoineFinancial/liquid-chain/abi/abi.go:30.4,30.59 1 8
github.com/QuoineFinancial/liquid-chain/abi/abi.go:27.18,29.5 1 0
github.com/QuoineFinancial/liquid-chain/abi/abi.go:34.16,36.3 1 0
github.com/QuoineFinancial/liquid-chain/abi/abi.go:41.73,44.16 3 79
github.com/QuoineFinancial/liquid-chain/abi/abi.go:48.2,49.29 2 79
github.com/QuoineFinancial/liquid-chain/abi/abi.go:62.2,62.20 1 79
github.com/QuoineFinancial/liquid-chain/abi/abi.go:44.16,46.3 1 0
github.com/QuoineFinancial/liquid-chain/abi/abi.go:49.29,51.24 2 80
github.com/QuoineFinancial/liquid-chain/abi/abi.go:59.3,59.34 1 80
github.com/QuoineFinancial/liquid-chain/abi/abi.go:51.24,53.32 2 70
github.com/QuoineFinancial/liquid-chain/abi/abi.go:53.32,55.5 1 347
github.com/QuoineFinancial/liquid-chain/abi/abi.go:56.9,58.4 1 10
github.com/QuoineFinancial/liquid-chain/abi/abi.go:66.75,69.35 2 70
github.com/QuoineFinancial/liquid-chain/abi/abi.go:91.2,92.16 2 70
github.com/QuoineFinancial/liquid-chain/abi/abi.go:96.2,96.20 1 70
github.com/QuoineFinancial/liquid-chain/abi/abi.go:69.35,70.20 1 71
github.com/QuoineFinancial/liquid-chain/abi/abi.go:70.20,73.40 3 67
github.com/QuoineFinancial/liquid-chain/abi/abi.go:76.4,80.35 4 67
github.com/QuoineFinancial/liquid-chain/abi/abi.go:86.4,86.60 1 67
github.com/QuoineFinancial/liquid-chain/abi/abi.go:73.40,75.5 1 0
github.com/QuoineFinancial/liquid-chain/abi/abi.go:80.35,84.5 3 332
github.com/QuoineFinancial/liquid-chain/abi/abi.go:87.9,89.4 1 4
github.com/QuoineFinancial/liquid-chain/abi/abi.go:92.16,94.3 1 0
github.com/QuoineFinancial/liquid-chain/event/event.go:16.55,19.2 2 0
github.com/QuoineFinancial/liquid-chain/event/event.go:22.97,25.2 2 0
github.com/QuoineFinancial/liquid-chain/event/event.go:28.85,30.2 1 1
github.com/QuoineFinancial/liquid-chain/trie/trie.go:21.56,22.15 1 10
github.com/QuoineFinancial/liquid-chain/trie/trie.go:25.2,26.26 2 10
github.com/QuoineFinancial/liquid-chain/trie/trie.go:33.2,33.18 1 10
github.com/QuoineFinancial/liquid-chain/trie/trie.go:22.15,23.46 1 0
github.com/QuoineFinancial/liquid-chain/trie/trie.go:26.26,28.17 2 0
github.com/QuoineFinancial/liquid-chain/trie/trie.go:31.3,31.23 1 0
github.com/QuoineFinancial/liquid-chain/trie/trie.go:28.17,30.4 1 0
github.com/QuoineFinancial/liquid-chain/trie/trie.go:37.57,40.17 3 0
github.com/QuoineFinancial/liquid-chain/trie/trie.go:43.2,43.43 1 0
github.com/QuoineFinancial/liquid-chain/trie/trie.go:40.17,42.3 1 0
github.com/QuoineFinancial/liquid-chain/trie/trie.go:46.38,46.70 1 5
github.com/QuoineFinancial/liquid-chain/trie/trie.go:48.98,52.36 2 0
github.com/QuoineFinancial/liquid-chain/trie/trie.go:64.2,69.16 4 0
github.com/QuoineFinancial/liquid-chain/trie/trie.go:74.2,75.16 2 0
github.com/QuoineFinancial/liquid-chain/trie/trie.go:80.2,80.24 1 0
github.com/QuoineFinancial/liquid-chain/trie/trie.go:85.2,85.75 1 0
github.com/QuoineFinancial/liquid-chain/trie/trie.go:52.36,54.13 2 0
github.com/QuoineFinancial/liquid-chain/trie/trie.go:57.3,57.17 1 0
github.com/QuoineFinancial/liquid-chain/trie/trie.go:60.3,60.66 1 0
github.com/QuoineFinancial/liquid-chain/trie/trie.go:54.13,56.4 1 0
github.com/QuoineFinancial/liquid-chain/trie/trie.go:57.17,59.4 1 0
github.com/QuoineFinancial/liquid-chain/trie/trie.go:69.16,71.3 1 0
github.com/QuoineFinancial/liquid-chain/trie/trie.go:75.16,77.3 1 0
github.com/QuoineFinancial/liquid-chain/trie/trie.go:80.24,82.3 1 0
github.com/QuoineFinancial/liquid-chain/trie/trie.go:88.100,90.26 2 0
github.com/QuoineFinancial/liquid-chain/trie/trie.go:93.2,96.24 4 0
github.com/QuoineFinancial/liquid-chain/trie/trie.go:90.26,92.3 1 0
github.com/QuoineFinancial/liquid-chain/trie/trie.go:99.95,101.16 2 0
github.com/QuoineFinancial/liquid-chain/trie/trie.go:104.2,105.12 2 0
github.com/QuoineFinancial/liquid-chain/trie/trie.go:108.2,108.16 1 0
github.com/QuoineFinancial/liquid-chain/trie/trie.go:111.2,111.27 1 0
github.com/QuoineFinancial/liquid-chain/trie/trie.go:101.16,103.3 1 0
github.com/QuoineFinancial/liquid-chain/trie/trie.go:105.12,107.3 1 0
github.com/QuoineFinancial/liquid-chain/trie/trie.go:108.16,110.3 1 0
github.com/QuoineFinancial/liquid-chain/trie/trie.go:114.81,115.19 1 5
github.com/QuoineFinancial/liquid-chain/trie/trie.go:121.2,121.29 1 5
github.com/QuoineFinancial/liquid-chain/trie/trie.go:115.19,116.36 1 0
github.com/QuoineFinancial/liquid-chain/trie/trie.go:119.3,119.26 1 0
github.com/QuoineFinancial/liquid-chain/trie/trie.go:116.36,118.4 1 0
github.com/QuoineFinancial/liquid-chain/trie/trie.go:122.18,123.50 1 0
github.com/QuoineFinancial/liquid-chain/trie/trie.go:124.19,125.51 1 0
github.com/QuoineFinancial/liquid-chain/trie/trie.go:126.16,127.49 1 0
github.com/QuoineFinancial/liquid-chain/trie/trie.go:128.11,133.9 1 5
github.com/QuoineFinancial/liquid-chain/trie/trie.go:134.10,135.57 1 0
github.com/QuoineFinancial/liquid-chain/trie/trie.go:140.51,142.20 2 5
github.com/QuoineFinancial/liquid-chain/trie/trie.go:155.2,155.12 1 5
github.com/QuoineFinancial/liquid-chain/trie/trie.go:142.20,144.17 2 5
github.com/QuoineFinancial/liquid-chain/trie/trie.go:147.3,147.22 1 5
github.com/QuoineFinancial/liquid-chain/trie/trie.go:144.17,146.4 1 0
github.com/QuoineFinancial/liquid-chain/trie/trie.go:148.8,150.17 2 0
github.com/QuoineFinancial/liquid-chain/trie/trie.go:153.3,153.22 1 0
github.com/QuoineFinancial/liquid-chain/trie/trie.go:150.17,152.4 1 0
github.com/QuoineFinancial/liquid-chain/trie/trie.go:159.38,163.2 3 0
github.com/QuoineFinancial/liquid-chain/trie/trie.go:166.42,168.16 2 0
github.com/QuoineFinancial/liquid-chain/trie/trie.go:171.2,172.49 2 0
github.com/QuoineFinancial/liquid-chain/trie/trie.go:168.16,170.3 1 0
github.com/QuoineFinancial/liquid-chain/trie/trie.go:175.64,178.22 3 0
github.com/QuoineFinancial/liquid-chain/trie/trie.go:183.2,183.41 1 0
github.com/QuoineFinancial/liquid-chain/trie/trie.go:178.22,182.3 2 0
github.com/QuoineFinancial/liquid-chain/trie/trie.go:188.51,191.35 3 136
github.com/QuoineFinancial/liquid-chain/trie/trie.go:194.2,194.19 1 136
github.com/QuoineFinancial/liquid-chain/trie/trie.go:191.35,193.3 1 0
github.com/QuoineFinancial/liquid-chain/trie/trie.go:197.129,198.36 1 272
github.com/QuoineFinancial/liquid-chain/trie/trie.go:199.18,200.104 1 136
github.com/QuoineFinancial/liquid-chain/trie/trie.go:204.3,205.36 2 136
github.com/QuoineFinancial/liquid-chain/trie/trie.go:209.3,209.43 1 136
github.com/QuoineFinancial/liquid-chain/trie/trie.go:211.19,213.36 2 0
github.com/QuoineFinancial/liquid-chain/trie/trie.go:217.3,217.43 1 0
github.com/QuoineFinancial/liquid-chain/trie/trie.go:219.11,220.30 1 0
github.com/QuoineFinancial/liquid-chain/trie/trie.go:222.17,223.32 1 136
github.com/QuoineFinancial/liquid-chain/trie/trie.go:225.16,227.17 2 0
github.com/QuoineFinancial/liquid-chain/trie/trie.go:230.3,231.35 2 0
github.com/QuoineFinancial/liquid-chain/trie/trie.go:233.10,234.71 1 0
github.com/QuoineFinancial/liquid-chain/trie/trie.go:200.104,203.4 1 0
github.com/QuoineFinancial/liquid-chain/trie/trie.go:205.36,208.4 2 0
github.com/QuoineFinancial/liquid-chain/trie/trie.go:213.36,216.4 2 0
github.com/QuoineFinancial/liquid-chain/trie/trie.go:227.17,229.4 1 0
github.com/QuoineFinancial/liquid-chain/trie/trie.go:238.52,239.37 1 0
github.com/QuoineFinancial/liquid-chain/trie/trie.go:242.2,242.18 1 0
github.com/QuoineFinancial/liquid-chain/trie/trie.go:239.37,241.3 1 0
github.com/QuoineFinancial/liquid-chain/trie/trie.go:245.69,246.29 1 0
github.com/QuoineFinancial/liquid-chain/trie/trie.go:247.18,249.36 2 0
github.com/QuoineFinancial/liquid-chain/trie/trie.go:252.3,252.32 1 0
github.com/QuoineFinancial/liquid-chain/trie/trie.go:255.3,255.97 1 0
github.com/QuoineFinancial/liquid-chain/trie/trie.go:276.19,278.27 2 0
github.com/QuoineFinancial/liquid-chain/trie/trie.go:281.3,285.40 5 0
github.com/QuoineFinancial/liquid-chain/trie/trie.go:295.3,295.15 1 0
github.com/QuoineFinancial/liquid-chain/trie/trie.go:308.3,308.25 1 0
github.com/QuoineFinancial/liquid-chain/trie/trie.go:310.17,311.24 1 0
github.com/QuoineFinancial/liquid-chain/trie/trie.go:313.11,314.25 1 0
github.com/QuoineFinancial/liquid-chain/trie/trie.go:316.16,318.17 2 0
github.com/QuoineFinancial/liquid-chain/trie/trie.go:321.3,322.27 2 0
github.com/QuoineFinancial/liquid-chain/trie/trie.go:325.3,325.28 1 0
github.com/QuoineFinancial/liquid-chain/trie/trie.go:327.10,328.67 1 0
github.com/QuoineFinancial/liquid-chain/trie/trie.go:249.36,251.4 1 0
github.com/QuoineFinancial/liquid-chain/trie/trie.go:252.32,254.4 1 0
github.com/QuoineFinancial/liquid-chain/trie/trie.go:255.97,256.41 1 0
github.com/QuoineFinancial/liquid-chain/trie/trie.go:257.20,263.11 1 0
github.com/QuoineFinancial/liquid-chain/trie/trie.go:264.12,270.11 1 0
github.com/QuoineFinancial/liquid-chain/trie/trie.go:272.9,274.4 1 0
github.com/QuoineFinancial/liquid-chain/trie/trie.go:278.27,280.4 1 0
github.com/QuoineFinancial/liquid-chain/trie/trie.go:285.40,286.20 1 0
github.com/QuoineFinancial/liquid-chain/trie/trie.go:286.20,287.18 1 0
github.com/QuoineFinancial/liquid-chain/trie/trie.go:287.18,289.6 1 0
github.com/QuoineFinancial/liquid-chain/trie/trie.go:289.11,291.11 2 0
github.com/QuoineFinancial/liquid-chain/trie/trie.go:295.15,296.17 1 0
github.com/QuoineFinancial/liquid-chain/trie/trie.go:306.4,306.87 1 0
github.com/QuoineFinancial/liquid-chain/trie/trie.go:296.17,298.19 2 0
github.com/QuoineFinancial/liquid-chain/trie/trie.go:301.5,301.52 1 0
github.com/QuoineFinancial/liquid-chain/trie/trie.go:298.19,300.6 1 0
github.com/QuoineFinancial/liquid-chain/trie/trie.go:301.52,304.6 2 0
github.com/QuoineFinancial/liquid-chain/trie/trie.go:318.17,320.4 1 0
github.com/QuoineFinancial/liquid-chain/trie/trie.go:322.27,324.4 1 0
github.com/QuoineFinancial/liquid-chain/crypto/address.go:23.44,24.27 1 80
github.com/QuoineFinancial/liquid-chain/crypto/address.go:27.2,27.41 1 80
github.com/QuoineFinancial/liquid-chain/crypto/address.go:24.27,26.3 1 0
github.com/QuoineFinancial/liquid-chain/crypto/address.go:31.41,33.2 1 15
github.com/QuoineFinancial/liquid-chain/crypto/address.go:36.44,41.73 3 9
github.com/QuoineFinancial/liquid-chain/crypto/address.go:46.2,46.42 1 9
github.com/QuoineFinancial/liquid-chain/crypto/address.go:51.2,52.47 2 9
github.com/QuoineFinancial/liquid-chain/crypto/address.go:55.2,57.16 3 9
github.com/QuoineFinancial/liquid-chain/crypto/address.go:41.73,43.3 1 0
github.com/QuoineFinancial/liquid-chain/crypto/address.go:46.42,48.3 1 0
github.com/QuoineFinancial/liquid-chain/crypto/address.go:52.47,54.3 1 0
github.com/QuoineFinancial/liquid-chain/crypto/address.go:61.57,63.16 2 9
github.com/QuoineFinancial/liquid-chain/crypto/address.go:66.2,67.39 2 9
github.com/QuoineFinancial/liquid-chain/crypto/address.go:63.16,65.3 1 0
github.com/QuoineFinancial/liquid-chain/crypto/address.go:71.41,75.2 3 71
github.com/QuoineFinancial/liquid-chain/crypto/address.go:77.47,79.16 2 9
github.com/QuoineFinancial/liquid-chain/crypto/address.go:83.2,83.18 1 9
github.com/QuoineFinancial/liquid-chain/crypto/address.go:87.2,87.17 1 9
github.com/QuoineFinancial/liquid-chain/crypto/address.go:79.16,81.3 1 0
github.com/QuoineFinancial/liquid-chain/crypto/address.go:83.18,85.3 1 0
github.com/QuoineFinancial/liquid-chain/crypto/address.go:90.63,92.16 2 9
github.com/QuoineFinancial/liquid-chain/crypto/address.go:95.2,100.25 5 9
github.com/QuoineFinancial/liquid-chain/crypto/address.go:105.2,105.59 1 9
github.com/QuoineFinancial/liquid-chain/crypto/address.go:108.2,108.21 1 9
github.com/QuoineFinancial/liquid-chain/crypto/address.go:92.16,94.3 1 0
github.com/QuoineFinancial/liquid-chain/crypto/address.go:100.25,102.3 1 0
github.com/QuoineFinancial/liquid-chain/crypto/address.go:105.59,107.3 1 0
github.com/QuoineFinancial/liquid-chain/trie/encoding.go:3.38,5.18 2 0
github.com/QuoineFinancial/liquid-chain/trie/encoding.go:9.2,11.21 3 0
github.com/QuoineFinancial/liquid-chain/trie/encoding.go:16.2,17.12 2 0
github.com/QuoineFinancial/liquid-chain/trie/encoding.go:5.18,8.3 2 0
github.com/QuoineFinancial/liquid-chain/trie/encoding.go:11.21,15.3 3 0
github.com/QuoineFinancial/liquid-chain/trie/encoding.go:20.42,21.23 1 0
github.com/QuoineFinancial/liquid-chain/trie/encoding.go:24.2,26.17 2 0
github.com/QuoineFinancial/liquid-chain/trie/encoding.go:30.2,31.20 2 0
github.com/QuoineFinancial/liquid-chain/trie/encoding.go:21.23,23.3 1 0
github.com/QuoineFinancial/liquid-chain/trie/encoding.go:26.17,28.3 1 0
github.com/QuoineFinancial/liquid-chain/trie/encoding.go:34.39,37.24 3 141
github.com/QuoineFinancial/liquid-chain/trie/encoding.go:41.2,42.16 2 141
github.com/QuoineFinancial/liquid-chain/trie/encoding.go:37.24,40.3 2 705
github.com/QuoineFinancial/liquid-chain/trie/encoding.go:47.39,48.18 1 0
github.com/QuoineFinancial/liquid-chain/trie/encoding.go:51.2,51.21 1 0
github.com/QuoineFinancial/liquid-chain/trie/encoding.go:54.2,56.12 3 0
github.com/QuoineFinancial/liquid-chain/trie/encoding.go:48.18,50.3 1 0
github.com/QuoineFinancial/liquid-chain/trie/encoding.go:51.21,52.47 1 0
github.com/QuoineFinancial/liquid-chain/trie/encoding.go:59.50,60.38 1 0
github.com/QuoineFinancial/liquid-chain/trie/encoding.go:60.38,62.3 1 0
github.com/QuoineFinancial/liquid-chain/trie/encoding.go:65.24,66.11 1 0
github.com/QuoineFinancial/liquid-chain/trie/encoding.go:69.2,69.10 1 0
github.com/QuoineFinancial/liquid-chain/trie/encoding.go:66.11,68.3 1 0
github.com/QuoineFinancial/liquid-chain/trie/encoding.go:73.49,75.37 2 0
github.com/QuoineFinancial/liquid-chain/trie/encoding.go:80.2,80.10 1 0
github.com/QuoineFinancial/liquid-chain/trie/encoding.go:75.37,76.19 1 0
github.com/QuoineFinancial/liquid-chain/trie/encoding.go:76.19,77.9 1 0
github.com/QuoineFinancial/liquid-chain/trie/encoding.go:84.29,86.2 1 0
github.com/QuoineFinancial/liquid-chain/storage/account.go:24.64,26.2 1 136
github.com/QuoineFinancial/liquid-chain/storage/account.go:29.61,32.2 2 5
github.com/QuoineFinancial/liquid-chain/storage/account.go:35.53,37.2 1 70
github.com/QuoineFinancial/liquid-chain/storage/account.go:40.62,42.2 1 220
github.com/QuoineFinancial/liquid-chain/storage/account.go:45.48,48.2 2 0
github.com/QuoineFinancial/liquid-chain/storage/account.go:51.53,53.2 1 0
github.com/QuoineFinancial/liquid-chain/storage/account.go:55.54,59.2 3 9
github.com/QuoineFinancial/liquid-chain/crypto/transaction.go:41.45,43.2 1 0
github.com/QuoineFinancial/liquid-chain/crypto/transaction.go:46.51,50.2 3 0
github.com/QuoineFinancial/liquid-chain/crypto/transaction.go:53.42,55.2 1 0
github.com/QuoineFinancial/liquid-chain/crypto/transaction.go:58.30,60.2 1 0
github.com/QuoineFinancial/liquid-chain/crypto/transaction.go:63.44,67.2 3 0
github.com/QuoineFinancial/liquid-chain/crypto/transaction.go:70.40,71.42 1 0
github.com/QuoineFinancial/liquid-chain/crypto/transaction.go:75.2,76.36 2 0
github.com/QuoineFinancial/liquid-chain/crypto/transaction.go:80.2,80.38 1 0
github.com/QuoineFinancial/liquid-chain/crypto/transaction.go:71.42,73.3 1 0
github.com/QuoineFinancial/liquid-chain/crypto/transaction.go:76.36,78.3 1 0
github.com/QuoineFinancial/liquid-chain/crypto/transaction.go:84.54,90.16 5 0
github.com/QuoineFinancial/liquid-chain/crypto/transaction.go:93.2,94.12 2 0
github.com/QuoineFinancial/liquid-chain/crypto/transaction.go:90.16,92.3 1 0
github.com/QuoineFinancial/liquid-chain/crypto/transaction.go:98.34,101.16 3 0
github.com/QuoineFinancial/liquid-chain/crypto/transaction.go:104.2,104.59 1 0
github.com/QuoineFinancial/liquid-chain/crypto/transaction.go:101.16,103.3 1 0
github.com/QuoineFinancial/liquid-chain/crypto/transaction.go:108.34,111.2 2 0
github.com/QuoineFinancial/liquid-chain/crypto/transaction.go:114.42,117.2 2 0
github.com/QuoineFinancial/liquid-chain/crypto/transaction.go:120.46,123.2 2 0
github.com/QuoineFinancial/liquid-chain/crypto/transaction.go:126.44,127.49 1 0
github.com/QuoineFinancial/liquid-chain/crypto/transaction.go:130.2,130.12 1 0
github.com/QuoineFinancial/liquid-chain/crypto/transaction.go:127.49,129.3 1 0
github.com/QuoineFinancial/liquid-chain/crypto/transaction.go:134.52,136.2 1 0
github.com/QuoineFinancial/liquid-chain/crypto/transaction.go:139.56,141.2 1 0
github.com/QuoineFinancial/liquid-chain/trie/hasher.go:32.56,35.2 2 0
github.com/QuoineFinancial/liquid-chain/trie/hasher.go:37.26,37.46 1 0
github.com/QuoineFinancial/liquid-chain/trie/hasher.go:41.26,47.3 2 0
github.com/QuoineFinancial/liquid-chain/trie/hasher.go:50.26,50.63 1 0
github.com/QuoineFinancial/liquid-chain/trie/hasher.go:52.36,52.57 1 0
github.com/QuoineFinancial/liquid-chain/trie/hasher.go:54.82,55.46 1 0
github.com/QuoineFinancial/liquid-chain/trie/hasher.go:70.2,71.16 2 0
github.com/QuoineFinancial/liquid-chain/trie/hasher.go:74.2,75.16 2 0
github.com/QuoineFinancial/liquid-chain/trie/hasher.go:82.2,83.37 2 0
github.com/QuoineFinancial/liquid-chain/trie/hasher.go:95.2,95.28 1 0
github.com/QuoineFinancial/liquid-chain/trie/hasher.go:55.46,56.16 1 0
github.com/QuoineFinancial/liquid-chain/trie/hasher.go:59.3,59.13 1 0
github.com/QuoineFinancial/liquid-chain/trie/hasher.go:56.16,58.4 1 0
github.com/QuoineFinancial/liquid-chain/trie/hasher.go:59.13,60.23 1 0
github.com/QuoineFinancial/liquid-chain/trie/hasher.go:61.33,62.27 1 0
github.com/QuoineFinancial/liquid-chain/trie/hasher.go:63.12,64.27 1 0
github.com/QuoineFinancial/liquid-chain/trie/hasher.go:71.16,73.3 1 0
github.com/QuoineFinancial/liquid-chain/trie/hasher.go:75.16,77.3 1 0
github.com/QuoineFinancial/liquid-chain/trie/hasher.go:84.18,86.16 2 0
github.com/QuoineFinancial/liquid-chain/trie/hasher.go:89.19,91.16 2 0
github.com/QuoineFinancial/liquid-chain/trie/hasher.go:86.16,88.4 1 0
github.com/QuoineFinancial/liquid-chain/trie/hasher.go:91.16,93.4 1 0
github.com/QuoineFinancial/liquid-chain/trie/hasher.go:101.82,104.33 2 0
github.com/QuoineFinancial/liquid-chain/trie/hasher.go:105.18,110.43 4 0
github.com/QuoineFinancial/liquid-chain/trie/hasher.go:116.3,116.32 1 0
github.com/QuoineFinancial/liquid-chain/trie/hasher.go:118.19,121.27 2 0
github.com/QuoineFinancial/liquid-chain/trie/hasher.go:130.3,131.32 2 0
github.com/QuoineFinancial/liquid-chain/trie/hasher.go:133.10,135.29 1 0
github.com/QuoineFinancial/liquid-chain/trie/hasher.go:110.43,112.18 2 0
github.com/QuoineFinancial/liquid-chain/trie/hasher.go:112.18,114.5 1 0
github.com/QuoineFinancial/liquid-chain/trie/hasher.go:121.27,122.31 1 0
github.com/QuoineFinancial/liquid-chain/trie/hasher.go:125.4,126.18 2 0
github.com/QuoineFinancial/liquid-chain/trie/hasher.go:122.31,123.13 1 0
github.com/QuoineFinancial/liquid-chain/trie/hasher.go:126.18,128.5 1 0
github.com/QuoineFinancial/liquid-chain/trie/hasher.go:142.77,145.57 1 0
github.com/QuoineFinancial/liquid-chain/trie/hasher.go:150.2,151.49 2 0
github.com/QuoineFinancial/liquid-chain/trie/hasher.go:154.2,154.39 1 0
github.com/QuoineFinancial/liquid-chain/trie/hasher.go:159.2,160.17 2 0
github.com/QuoineFinancial/liquid-chain/trie/hasher.go:169.2,169.15 1 0
github.com/QuoineFinancial/liquid-chain/trie/hasher.go:173.2,173.18 1 0
github.com/QuoineFinancial/liquid-chain/trie/hasher.go:145.57,147.3 1 0
github.com/QuoineFinancial/liquid-chain/trie/hasher.go:151.49,152.40 1 0
github.com/QuoineFinancial/liquid-chain/trie/hasher.go:154.39,156.3 1 0
github.com/QuoineFinancial/liquid-chain/trie/hasher.go:160.17,163.17 3 0
github.com/QuoineFinancial/liquid-chain/trie/hasher.go:163.17,165.4 1 0
github.com/QuoineFinancial/liquid-chain/trie/hasher.go:169.15,171.3 1 0
github.com/QuoineFinancial/liquid-chain/trie/hasher.go:176.51,179.16 3 0
github.com/QuoineFinancial/liquid-chain/trie/hasher.go:182.2,182.35 1 0
github.com/QuoineFinancial/liquid-chain/trie/hasher.go:179.16,181.3 1 0
github.com/QuoineFinancial/liquid-chain/gas/free_station.go:17.78,19.2 1 0
github.com/QuoineFinancial/liquid-chain/gas/free_station.go:22.81,24.2 1 0
github.com/QuoineFinancial/liquid-chain/gas/free_station.go:27.43,30.18 3 0
github.com/QuoineFinancial/liquid-chain/gas/free_station.go:44.2,44.14 1 0
github.com/QuoineFinancial/liquid-chain/gas/free_station.go:30.18,34.17 4 0
github.com/QuoineFinancial/liquid-chain/gas/free_station.go:38.3,38.18 1 0
github.com/QuoineFinancial/liquid-chain/gas/free_station.go:34.17,35.14 1 0
github.com/QuoineFinancial/liquid-chain/gas/free_station.go:38.18,42.4 3 0
github.com/QuoineFinancial/liquid-chain/gas/free_station.go:48.48,50.2 1 0
github.com/QuoineFinancial/liquid-chain/gas/free_station.go:53.38,58.2 1 0
github.com/QuoineFinancial/liquid-chain/event/system.go:25.56,32.2 1 0
github.com/QuoineFinancial/liquid-chain/event/system.go:34.64,38.2 1 0
github.com/QuoineFinancial/liquid-chain/event/system.go:82.51,87.2 1 0
github.com/QuoineFinancial/liquid-chain/event/system.go:89.53,94.2 1 0
github.com/QuoineFinancial/liquid-chain/event/system.go:96.45,98.2 1 0
github.com/QuoineFinancial/liquid-chain/event/tm.go:12.45,15.42 3 0
github.com/QuoineFinancial/liquid-chain/event/tm.go:21.2,22.34 2 0
github.com/QuoineFinancial/liquid-chain/event/tm.go:27.2,30.3 1 0
github.com/QuoineFinancial/liquid-chain/event/tm.go:15.42,20.3 1 0
github.com/QuoineFinancial/liquid-chain/event/tm.go:22.34,24.3 1 0
github.com/QuoineFinancial/liquid-chain/event/tm.go:24.8,26.3 1 0
github.com/QuoineFinancial/liquid-chain/db/rocksdb.go:14.39,21.16 7 0
github.com/QuoineFinancial/liquid-chain/db/rocksdb.go:24.2,27.3 1 0
github.com/QuoineFinancial/liquid-chain/db/rocksdb.go:21.16,22.13 1 0
github.com/QuoineFinancial/liquid-chain/db/rocksdb.go:31.48,33.2 1 0
github.com/QuoineFinancial/liquid-chain/db/rocksdb.go:36.43,40.16 4 0
github.com/QuoineFinancial/liquid-chain/db/rocksdb.go:43.2,43.21 1 0
github.com/QuoineFinancial/liquid-chain/db/rocksdb.go:40.16,41.13 1 0
github.com/QuoineFinancial/liquid-chain/db/rocksdb.go:47.50,50.56 3 0
github.com/QuoineFinancial/liquid-chain/db/rocksdb.go:50.56,51.13 1 0
github.com/QuoineFinancial/liquid-chain/db/rocksdb.go:56.39,59.52 3 0
github.com/QuoineFinancial/liquid-chain/db/rocksdb.go:59.52,60.13 1 0
github.com/QuoineFinancial/liquid-chain/gas/alpha_policy.go:20.29,193.2 1 1
github.com/QuoineFinancial/liquid-chain/gas/alpha_policy.go:203.61,205.2 1 0
github.com/QuoineFinancial/liquid-chain/gas/alpha_policy.go:208.58,210.2 1 0
github.com/QuoineFinancial/liquid-chain/gas/alpha_policy.go:213.59,215.2 1 0
github.com/QuoineFinancial/liquid-chain/crc16/main.go:95.35,98.25 3 18
github.com/QuoineFinancial/liquid-chain/crc16/main.go:102.2,103.16 2 18
github.com/QuoineFinancial/liquid-chain/crc16/main.go:107.2,107.20 1 18
github.com/QuoineFinancial/liquid-chain/crc16/main.go:98.25,100.3 1 594
github.com/QuoineFinancial/liquid-chain/crc16/main.go:103.16,104.13 1 0
github.com/QuoineFinancial/liquid-chain/crc16/main.go:112.51,117.36 2 9
github.com/QuoineFinancial/liquid-chain/crc16/main.go:121.2,121.12 1 9
github.com/QuoineFinancial/liquid-chain/crc16/main.go:117.36,119.3 1 0
github.com/QuoineFinancial/liquid-chain/abi/primitive_type.go:30.41,31.11 1 4
github.com/QuoineFinancial/liquid-chain/abi/primitive_type.go:32.15,33.14 1 2
github.com/QuoineFinancial/liquid-chain/abi/primitive_type.go:34.10,35.15 1 2
github.com/QuoineFinancial/liquid-chain/abi/primitive_type.go:39.40,53.2 1 10
github.com/QuoineFinancial/liquid-chain/abi/primitive_type.go:56.44,57.11 1 94
github.com/QuoineFinancial/liquid-chain/abi/primitive_type.go:58.15,59.30 1 8
github.com/QuoineFinancial/liquid-chain/abi/primitive_type.go:60.19,61.11 1 0
github.com/QuoineFinancial/liquid-chain/abi/primitive_type.go:62.21,63.11 1 0
github.com/QuoineFinancial/liquid-chain/abi/primitive_type.go:64.30,65.11 1 85
github.com/QuoineFinancial/liquid-chain/abi/primitive_type.go:66.30,67.11 1 1
github.com/QuoineFinancial/liquid-chain/abi/primitive_type.go:68.10,69.36 1 0
github.com/QuoineFinancial/liquid-chain/abi/primitive_type.go:74.71,77.11 3 23
github.com/QuoineFinancial/liquid-chain/abi/primitive_type.go:104.2,104.17 1 23
github.com/QuoineFinancial/liquid-chain/abi/primitive_type.go:78.15,80.24 2 6
github.com/QuoineFinancial/liquid-chain/abi/primitive_type.go:81.13,82.31 1 0
github.com/QuoineFinancial/liquid-chain/abi/primitive_type.go:83.14,84.53 1 0
github.com/QuoineFinancial/liquid-chain/abi/primitive_type.go:85.14,86.53 1 0
github.com/QuoineFinancial/liquid-chain/abi/primitive_type.go:87.14,88.53 1 0
github.com/QuoineFinancial/liquid-chain/abi/primitive_type.go:89.12,90.30 1 0
github.com/QuoineFinancial/liquid-chain/abi/primitive_type.go:91.13,92.60 1 0
github.com/QuoineFinancial/liquid-chain/abi/primitive_type.go:93.13,94.60 1 17
github.com/QuoineFinancial/liquid-chain/abi/primitive_type.go:95.13,96.60 1 0
github.com/QuoineFinancial/liquid-chain/abi/primitive_type.go:97.15,98.72 1 0
github.com/QuoineFinancial/liquid-chain/abi/primitive_type.go:99.15,100.72 1 0
github.com/QuoineFinancial/liquid-chain/abi/primitive_type.go:101.10,102.54 1 0
github.com/QuoineFinancial/liquid-chain/abi/primitive_type.go:108.78,110.11 2 3
github.com/QuoineFinancial/liquid-chain/abi/primitive_type.go:247.2,247.24 1 3
github.com/QuoineFinancial/liquid-chain/abi/primitive_type.go:111.15,113.10 2 0
github.com/QuoineFinancial/liquid-chain/abi/primitive_type.go:116.3,116.28 1 0
github.com/QuoineFinancial/liquid-chain/abi/primitive_type.go:123.13,125.10 2 0
github.com/QuoineFinancial/liquid-chain/abi/primitive_type.go:128.3,128.28 1 0
github.com/QuoineFinancial/liquid-chain/abi/primitive_type.go:135.14,137.10 2 0
github.com/QuoineFinancial/liquid-chain/abi/primitive_type.go:140.3,140.28 1 0
github.com/QuoineFinancial/liquid-chain/abi/primitive_type.go:147.14,149.10 2 0
github.com/QuoineFinancial/liquid-chain/abi/primitive_type.go:152.3,152.28 1 0
github.com/QuoineFinancial/liquid-chain/abi/primitive_type.go:159.14,161.10 2 0
github.com/QuoineFinancial/liquid-chain/abi/primitive_type.go:164.3,164.28 1 0
github.com/QuoineFinancial/liquid-chain/abi/primitive_type.go:171.12,173.10 2 0
github.com/QuoineFinancial/liquid-chain/abi/primitive_type.go:176.3,176.28 1 0
github.com/QuoineFinancial/liquid-chain/abi/primitive_type.go:183.13,185.10 2 0
github.com/QuoineFinancial/liquid-chain/abi/primitive_type.go:188.3,188.28 1 0
github.com/QuoineFinancial/liquid-chain/abi/primitive_type.go:195.13,197.10 2 3
github.com/QuoineFinancial/liquid-chain/abi/primitive_type.go:200.3,200.28 1 3
github.com/QuoineFinancial/liquid-chain/abi/primitive_type.go:207.13,209.10 2 0
github.com/QuoineFinancial/liquid-chain/abi/primitive_type.go:212.3,212.28 1 0
github.com/QuoineFinancial/liquid-chain/abi/primitive_type.go:219.15,221.10 2 0
github.com/QuoineFinancial/liquid-chain/abi/primitive_type.go:224.3,224.28 1 0
github.com/QuoineFinancial/liquid-chain/abi/primitive_type.go:231.15,233.10 2 0
github.com/QuoineFinancial/liquid-chain/abi/primitive_type.go:236.3,236.28 1 0
github.com/QuoineFinancial/liquid-chain/abi/primitive_type.go:243.10,244.54 1 0
github.com/QuoineFinancial/liquid-chain/abi/primitive_type.go:113.10,115.4 1 0
github.com/QuoineFinancial/liquid-chain/abi/primitive_type.go:116.28,118.18 2 0
github.com/QuoineFinancial/liquid-chain/abi/primitive_type.go:121.4,121.40 1 0
github.com/QuoineFinancial/liquid-chain/abi/primitive_type.go:118.18,120.5 1 0
github.com/QuoineFinancial/liquid-chain/abi/primitive_type.go:125.10,127.4 1 0
github.com/QuoineFinancial/liquid-chain/abi/primitive_type.go:128.28,130.18 2 0
github.com/QuoineFinancial/liquid-chain/abi/primitive_type.go:133.4,133.40 1 0
github.com/QuoineFinancial/liquid-chain/abi/primitive_type.go:130.18,132.5 1 0
github.com/QuoineFinancial/liquid-chain/abi/primitive_type.go:137.10,139.4 1 0
github.com/QuoineFinancial/liquid-chain/abi/primitive_type.go:140.28,142.18 2 0
github.com/QuoineFinancial/liquid-chain/abi/primitive_type.go:145.4,145.40 1 0
github.com/QuoineFinancial/liquid-chain/abi/primitive_type.go:142.18,144.5 1 0
github.com/QuoineFinancial/liquid-chain/abi/primitive_type.go:149.10,151.4 1 0
github.com/QuoineFinancial/liquid-chain/abi/primitive_type.go:152.28,154.18 2 0
[...]
github.com/QuoineFinancial/liquid-chain/crypto/transaction.go:90.16,92.3 1 0
github.com/QuoineFinancial/liquid-chain/crypto/transaction.go:98.34,101.16 3 0
github.com/QuoineFinancial/liquid-chain/crypto/transaction.go:104.2,104.59 1 0
github.com/QuoineFinancial/liquid-chain/crypto/transaction.go:101.16,103.3 1 0
github.com/QuoineFinancial/liquid-chain/crypto/transaction.go:108.34,111.2 2 0
github.com/QuoineFinancial/liquid-chain/crypto/transaction.go:114.42,117.2 2 0
github.com/QuoineFinancial/liquid-chain/crypto/transaction.go:120.46,123.2 2 0
github.com/QuoineFinancial/liquid-chain/crypto/transaction.go:126.44,127.49 1 0
github.com/QuoineFinancial/liquid-chain/crypto/transaction.go:130.2,130.12 1 0
github.com/QuoineFinancial/liquid-chain/crypto/transaction.go:127.49,129.3 1 0
github.com/QuoineFinancial/liquid-chain/crypto/transaction.go:134.52,136.2 1 0
github.com/QuoineFinancial/liquid-chain/crypto/transaction.go:139.56,141.2 1 0
github.com/QuoineFinancial/liquid-chain/event/event.go:16.55,19.2 2 0
github.com/QuoineFinancial/liquid-chain/event/event.go:22.97,25.2 2 0
github.com/QuoineFinancial/liquid-chain/event/event.go:28.85,30.2 1 16
github.com/QuoineFinancial/liquid-chain/event/system.go:25.56,32.2 1 0
github.com/QuoineFinancial/liquid-chain/event/system.go:34.64,38.2 1 0
github.com/QuoineFinancial/liquid-chain/event/system.go:82.51,87.2 1 0
github.com/QuoineFinancial/liquid-chain/event/system.go:89.53,94.2 1 0
github.com/QuoineFinancial/liquid-chain/event/system.go:96.45,98.2 1 0
github.com/QuoineFinancial/liquid-chain/trie/encoding.go:3.38,5.18 2 17
github.com/QuoineFinancial/liquid-chain/trie/encoding.go:9.2,11.21 3 17
github.com/QuoineFinancial/liquid-chain/trie/encoding.go:16.2,17.12 2 17
github.com/QuoineFinancial/liquid-chain/trie/encoding.go:5.18,8.3 2 9
github.com/QuoineFinancial/liquid-chain/trie/encoding.go:11.21,15.3 3 10
github.com/QuoineFinancial/liquid-chain/trie/encoding.go:20.42,21.23 1 0
github.com/QuoineFinancial/liquid-chain/trie/encoding.go:24.2,26.17 2 0
github.com/QuoineFinancial/liquid-chain/trie/encoding.go:30.2,31.20 2 0
github.com/QuoineFinancial/liquid-chain/trie/encoding.go:21.23,23.3 1 0
github.com/QuoineFinancial/liquid-chain/trie/encoding.go:26.17,28.3 1 0
github.com/QuoineFinancial/liquid-chain/trie/encoding.go:34.39,37.24 3 35
github.com/QuoineFinancial/liquid-chain/trie/encoding.go:41.2,42.16 2 35
github.com/QuoineFinancial/liquid-chain/trie/encoding.go:37.24,40.3 2 227
github.com/QuoineFinancial/liquid-chain/trie/encoding.go:47.39,48.18 1 0
github.com/QuoineFinancial/liquid-chain/trie/encoding.go:51.2,51.21 1 0
github.com/QuoineFinancial/liquid-chain/trie/encoding.go:54.2,56.12 3 0
github.com/QuoineFinancial/liquid-chain/trie/encoding.go:48.18,50.3 1 0
github.com/QuoineFinancial/liquid-chain/trie/encoding.go:51.21,52.47 1 0
github.com/QuoineFinancial/liquid-chain/trie/encoding.go:59.50,60.38 1 17
github.com/QuoineFinancial/liquid-chain/trie/encoding.go:60.38,62.3 1 31
github.com/QuoineFinancial/liquid-chain/trie/encoding.go:65.24,66.11 1 98
github.com/QuoineFinancial/liquid-chain/trie/encoding.go:69.2,69.10 1 62
github.com/QuoineFinancial/liquid-chain/trie/encoding.go:66.11,68.3 1 36
github.com/QuoineFinancial/liquid-chain/trie/encoding.go:73.49,75.37 2 22
github.com/QuoineFinancial/liquid-chain/trie/encoding.go:80.2,80.10 1 22
github.com/QuoineFinancial/liquid-chain/trie/encoding.go:75.37,76.19 1 88
github.com/QuoineFinancial/liquid-chain/trie/encoding.go:76.19,77.9 1 12
github.com/QuoineFinancial/liquid-chain/trie/encoding.go:84.29,86.2 1 17
github.com/QuoineFinancial/liquid-chain/trie/hasher.go:32.56,35.2 2 90
github.com/QuoineFinancial/liquid-chain/trie/hasher.go:37.26,37.46 1 27
github.com/QuoineFinancial/liquid-chain/trie/hasher.go:41.26,47.3 2 1
github.com/QuoineFinancial/liquid-chain/trie/hasher.go:50.26,50.63 1 5
github.com/QuoineFinancial/liquid-chain/trie/hasher.go:52.36,52.57 1 5
github.com/QuoineFinancial/liquid-chain/trie/hasher.go:54.82,55.46 1 27
github.com/QuoineFinancial/liquid-chain/trie/hasher.go:70.2,71.16 2 27
github.com/QuoineFinancial/liquid-chain/trie/hasher.go:74.2,75.16 2 27
github.com/QuoineFinancial/liquid-chain/trie/hasher.go:82.2,83.37 2 27
github.com/QuoineFinancial/liquid-chain/trie/hasher.go:95.2,95.28 1 27
github.com/QuoineFinancial/liquid-chain/trie/hasher.go:55.46,56.16 1 0
github.com/QuoineFinancial/liquid-chain/trie/hasher.go:59.3,59.13 1 0
github.com/QuoineFinancial/liquid-chain/trie/hasher.go:56.16,58.4 1 0
github.com/QuoineFinancial/liquid-chain/trie/hasher.go:59.13,60.23 1 0
github.com/QuoineFinancial/liquid-chain/trie/hasher.go:61.33,62.27 1 0
github.com/QuoineFinancial/liquid-chain/trie/hasher.go:63.12,64.27 1 0
github.com/QuoineFinancial/liquid-chain/trie/hasher.go:71.16,73.3 1 0
github.com/QuoineFinancial/liquid-chain/trie/hasher.go:75.16,77.3 1 0
github.com/QuoineFinancial/liquid-chain/trie/hasher.go:84.18,86.16 2 17
github.com/QuoineFinancial/liquid-chain/trie/hasher.go:89.19,91.16 2 10
github.com/QuoineFinancial/liquid-chain/trie/hasher.go:86.16,88.4 1 4
github.com/QuoineFinancial/liquid-chain/trie/hasher.go:91.16,93.4 1 2
github.com/QuoineFinancial/liquid-chain/trie/hasher.go:101.82,104.33 2 27
github.com/QuoineFinancial/liquid-chain/trie/hasher.go:105.18,110.43 4 17
github.com/QuoineFinancial/liquid-chain/trie/hasher.go:116.3,116.32 1 17
github.com/QuoineFinancial/liquid-chain/trie/hasher.go:118.19,121.27 2 10
github.com/QuoineFinancial/liquid-chain/trie/hasher.go:130.3,131.32 2 10
github.com/QuoineFinancial/liquid-chain/trie/hasher.go:133.10,135.29 1 0
github.com/QuoineFinancial/liquid-chain/trie/hasher.go:110.43,112.18 2 8
github.com/QuoineFinancial/liquid-chain/trie/hasher.go:112.18,114.5 1 0
github.com/QuoineFinancial/liquid-chain/trie/hasher.go:121.27,122.31 1 160
github.com/QuoineFinancial/liquid-chain/trie/hasher.go:125.4,126.18 2 14
github.com/QuoineFinancial/liquid-chain/trie/hasher.go:122.31,123.13 1 146
github.com/QuoineFinancial/liquid-chain/trie/hasher.go:126.18,128.5 1 0
github.com/QuoineFinancial/liquid-chain/trie/hasher.go:142.77,145.57 1 27
github.com/QuoineFinancial/liquid-chain/trie/hasher.go:150.2,151.49 2 27
github.com/QuoineFinancial/liquid-chain/trie/hasher.go:154.2,154.39 1 27
github.com/QuoineFinancial/liquid-chain/trie/hasher.go:159.2,160.17 2 15
github.com/QuoineFinancial/liquid-chain/trie/hasher.go:169.2,169.15 1 15
github.com/QuoineFinancial/liquid-chain/trie/hasher.go:173.2,173.18 1 15
github.com/QuoineFinancial/liquid-chain/trie/hasher.go:145.57,147.3 1 0
github.com/QuoineFinancial/liquid-chain/trie/hasher.go:151.49,152.40 1 0
github.com/QuoineFinancial/liquid-chain/trie/hasher.go:154.39,156.3 1 12
github.com/QuoineFinancial/liquid-chain/trie/hasher.go:160.17,163.17 3 15
github.com/QuoineFinancial/liquid-chain/trie/hasher.go:163.17,165.4 1 0
github.com/QuoineFinancial/liquid-chain/trie/hasher.go:169.15,171.3 1 4
github.com/QuoineFinancial/liquid-chain/trie/hasher.go:176.51,179.16 3 15
github.com/QuoineFinancial/liquid-chain/trie/hasher.go:182.2,182.35 1 15
github.com/QuoineFinancial/liquid-chain/trie/hasher.go:179.16,181.3 1 0
github.com/QuoineFinancial/liquid-chain/trie/node.go:30.41,30.69 2 40
github.com/QuoineFinancial/liquid-chain/trie/node.go:31.41,31.69 2 34
github.com/QuoineFinancial/liquid-chain/trie/node.go:34.51,36.36 2 14
github.com/QuoineFinancial/liquid-chain/trie/node.go:43.2,43.29 1 14
github.com/QuoineFinancial/liquid-chain/trie/node.go:36.36,37.19 1 238
github.com/QuoineFinancial/liquid-chain/trie/node.go:37.19,39.4 1 28
github.com/QuoineFinancial/liquid-chain/trie/node.go:39.9,41.4 1 210
github.com/QuoineFinancial/liquid-chain/trie/node.go:52.47,52.85 1 18
github.com/QuoineFinancial/liquid-chain/trie/node.go:53.47,53.85 1 24
github.com/QuoineFinancial/liquid-chain/trie/node.go:54.47,54.67 1 0
github.com/QuoineFinancial/liquid-chain/trie/node.go:55.47,55.67 1 0
github.com/QuoineFinancial/liquid-chain/trie/node.go:57.44,58.66 1 0
github.com/QuoineFinancial/liquid-chain/trie/node.go:62.2,63.16 2 0
github.com/QuoineFinancial/liquid-chain/trie/node.go:66.2,66.13 1 0
github.com/QuoineFinancial/liquid-chain/trie/node.go:58.66,61.3 1 0
github.com/QuoineFinancial/liquid-chain/trie/node.go:63.16,64.47 1 0
github.com/QuoineFinancial/liquid-chain/trie/node.go:70.49,71.19 1 0
github.com/QuoineFinancial/liquid-chain/trie/node.go:74.2,75.16 2 0
github.com/QuoineFinancial/liquid-chain/trie/node.go:78.2,78.54 1 0
github.com/QuoineFinancial/liquid-chain/trie/node.go:71.19,73.3 1 0
github.com/QuoineFinancial/liquid-chain/trie/node.go:75.16,77.3 1 0
github.com/QuoineFinancial/liquid-chain/trie/node.go:79.9,80.29 1 0
github.com/QuoineFinancial/liquid-chain/trie/node.go:81.9,83.19 2 0
github.com/QuoineFinancial/liquid-chain/trie/node.go:84.10,86.19 2 0
github.com/QuoineFinancial/liquid-chain/trie/node.go:87.10,88.67 1 0
github.com/QuoineFinancial/liquid-chain/trie/node.go:92.65,94.16 2 0
github.com/QuoineFinancial/liquid-chain/trie/node.go:97.2,101.18 3 0
github.com/QuoineFinancial/liquid-chain/trie/node.go:114.2,115.16 2 0
github.com/QuoineFinancial/liquid-chain/trie/node.go:118.2,122.8 1 0
github.com/QuoineFinancial/liquid-chain/trie/node.go:94.16,96.3 1 0
github.com/QuoineFinancial/liquid-chain/trie/node.go:101.18,103.17 2 0
github.com/QuoineFinancial/liquid-chain/trie/node.go:106.3,110.9 1 0
github.com/QuoineFinancial/liquid-chain/trie/node.go:103.17,105.4 1 0
github.com/QuoineFinancial/liquid-chain/trie/node.go:115.16,117.3 1 0
github.com/QuoineFinancial/liquid-chain/trie/node.go:125.67,127.26 2 0
github.com/QuoineFinancial/liquid-chain/trie/node.go:135.2,136.16 2 0
github.com/QuoineFinancial/liquid-chain/trie/node.go:139.2,139.20 1 0
github.com/QuoineFinancial/liquid-chain/trie/node.go:142.2,142.18 1 0
github.com/QuoineFinancial/liquid-chain/trie/node.go:127.26,129.17 2 0
github.com/QuoineFinancial/liquid-chain/trie/node.go:132.3,133.18 2 0
github.com/QuoineFinancial/liquid-chain/trie/node.go:129.17,131.4 1 0
github.com/QuoineFinancial/liquid-chain/trie/node.go:136.16,138.3 1 0
github.com/QuoineFinancial/liquid-chain/trie/node.go:139.20,141.3 1 0
github.com/QuoineFinancial/liquid-chain/trie/node.go:147.50,149.16 2 0
github.com/QuoineFinancial/liquid-chain/trie/node.go:152.2,152.9 1 0
github.com/QuoineFinancial/liquid-chain/trie/node.go:149.16,151.3 1 0
github.com/QuoineFinancial/liquid-chain/trie/node.go:153.24,158.21 2 0
github.com/QuoineFinancial/liquid-chain/trie/node.go:162.3,163.22 2 0
github.com/QuoineFinancial/liquid-chain/trie/node.go:164.45,166.24 1 0
github.com/QuoineFinancial/liquid-chain/trie/node.go:167.46,168.49 1 0
github.com/QuoineFinancial/liquid-chain/trie/node.go:169.10,170.87 1 0
github.com/QuoineFinancial/liquid-chain/trie/node.go:158.21,161.4 2 0
github.com/QuoineFinancial/liquid-chain/trie/trie.go:21.56,22.15 1 7
github.com/QuoineFinancial/liquid-chain/trie/trie.go:25.2,26.26 2 7
github.com/QuoineFinancial/liquid-chain/trie/trie.go:33.2,33.18 1 7
github.com/QuoineFinancial/liquid-chain/trie/trie.go:22.15,23.46 1 0
github.com/QuoineFinancial/liquid-chain/trie/trie.go:26.26,28.17 2 0
github.com/QuoineFinancial/liquid-chain/trie/trie.go:31.3,31.23 1 0
github.com/QuoineFinancial/liquid-chain/trie/trie.go:28.17,30.4 1 0
github.com/QuoineFinancial/liquid-chain/trie/trie.go:37.57,40.17 3 0
github.com/QuoineFinancial/liquid-chain/trie/trie.go:43.2,43.43 1 0
github.com/QuoineFinancial/liquid-chain/trie/trie.go:40.17,42.3 1 0
github.com/QuoineFinancial/liquid-chain/trie/trie.go:46.38,46.70 1 73
github.com/QuoineFinancial/liquid-chain/trie/trie.go:48.98,52.36 2 18
github.com/QuoineFinancial/liquid-chain/trie/trie.go:64.2,69.16 4 12
github.com/QuoineFinancial/liquid-chain/trie/trie.go:74.2,75.16 2 12
github.com/QuoineFinancial/liquid-chain/trie/trie.go:80.2,80.24 1 12
github.com/QuoineFinancial/liquid-chain/trie/trie.go:85.2,85.75 1 8
github.com/QuoineFinancial/liquid-chain/trie/trie.go:52.36,54.13 2 6
github.com/QuoineFinancial/liquid-chain/trie/trie.go:57.3,57.17 1 6
github.com/QuoineFinancial/liquid-chain/trie/trie.go:60.3,60.66 1 6
github.com/QuoineFinancial/liquid-chain/trie/trie.go:54.13,56.4 1 0
github.com/QuoineFinancial/liquid-chain/trie/trie.go:57.17,59.4 1 0
github.com/QuoineFinancial/liquid-chain/trie/trie.go:69.16,71.3 1 0
github.com/QuoineFinancial/liquid-chain/trie/trie.go:75.16,77.3 1 0
github.com/QuoineFinancial/liquid-chain/trie/trie.go:80.24,82.3 1 4
github.com/QuoineFinancial/liquid-chain/trie/trie.go:88.100,90.26 2 14
github.com/QuoineFinancial/liquid-chain/trie/trie.go:93.2,96.24 4 14
github.com/QuoineFinancial/liquid-chain/trie/trie.go:90.26,92.3 1 0
github.com/QuoineFinancial/liquid-chain/trie/trie.go:99.95,101.16 2 0
github.com/QuoineFinancial/liquid-chain/trie/trie.go:104.2,105.12 2 0
github.com/QuoineFinancial/liquid-chain/trie/trie.go:108.2,108.16 1 0
github.com/QuoineFinancial/liquid-chain/trie/trie.go:111.2,111.27 1 0
github.com/QuoineFinancial/liquid-chain/trie/trie.go:101.16,103.3 1 0
github.com/QuoineFinancial/liquid-chain/trie/trie.go:105.12,107.3 1 0
github.com/QuoineFinancial/liquid-chain/trie/trie.go:108.16,110.3 1 0
github.com/QuoineFinancial/liquid-chain/trie/trie.go:114.81,115.19 1 65
github.com/QuoineFinancial/liquid-chain/trie/trie.go:121.2,121.29 1 57
github.com/QuoineFinancial/liquid-chain/trie/trie.go:115.19,116.36 1 8
github.com/QuoineFinancial/liquid-chain/trie/trie.go:119.3,119.26 1 8
github.com/QuoineFinancial/liquid-chain/trie/trie.go:116.36,118.4 1 0
github.com/QuoineFinancial/liquid-chain/trie/trie.go:122.18,123.50 1 18
github.com/QuoineFinancial/liquid-chain/trie/trie.go:124.19,125.51 1 14
github.com/QuoineFinancial/liquid-chain/trie/trie.go:126.16,127.49 1 0
github.com/QuoineFinancial/liquid-chain/trie/trie.go:128.11,133.9 1 25
github.com/QuoineFinancial/liquid-chain/trie/trie.go:134.10,135.57 1 0
github.com/QuoineFinancial/liquid-chain/trie/trie.go:140.51,142.20 2 25
github.com/QuoineFinancial/liquid-chain/trie/trie.go:155.2,155.12 1 25
github.com/QuoineFinancial/liquid-chain/trie/trie.go:142.20,144.17 2 21
github.com/QuoineFinancial/liquid-chain/trie/trie.go:147.3,147.22 1 21
github.com/QuoineFinancial/liquid-chain/trie/trie.go:144.17,146.4 1 0
github.com/QuoineFinancial/liquid-chain/trie/trie.go:148.8,150.17 2 4
github.com/QuoineFinancial/liquid-chain/trie/trie.go:153.3,153.22 1 4
github.com/QuoineFinancial/liquid-chain/trie/trie.go:150.17,152.4 1 0
github.com/QuoineFinancial/liquid-chain/trie/trie.go:159.38,163.2 3 3
github.com/QuoineFinancial/liquid-chain/trie/trie.go:166.42,168.16 2 2
github.com/QuoineFinancial/liquid-chain/trie/trie.go:171.2,172.49 2 2
github.com/QuoineFinancial/liquid-chain/trie/trie.go:168.16,170.3 1 0
github.com/QuoineFinancial/liquid-chain/trie/trie.go:175.64,178.22 3 5
github.com/QuoineFinancial/liquid-chain/trie/trie.go:183.2,183.41 1 5
github.com/QuoineFinancial/liquid-chain/trie/trie.go:178.22,182.3 2 0
github.com/QuoineFinancial/liquid-chain/trie/trie.go:188.51,191.35 3 10
github.com/QuoineFinancial/liquid-chain/trie/trie.go:194.2,194.19 1 10
github.com/QuoineFinancial/liquid-chain/trie/trie.go:191.35,193.3 1 0
github.com/QuoineFinancial/liquid-chain/trie/trie.go:197.129,198.36 1 32
github.com/QuoineFinancial/liquid-chain/trie/trie.go:199.18,200.104 1 14
github.com/QuoineFinancial/liquid-chain/trie/trie.go:204.3,205.36 2 12
github.com/QuoineFinancial/liquid-chain/trie/trie.go:209.3,209.43 1 12
github.com/QuoineFinancial/liquid-chain/trie/trie.go:211.19,213.36 2 10
github.com/QuoineFinancial/liquid-chain/trie/trie.go:217.3,217.43 1 10
github.com/QuoineFinancial/liquid-chain/trie/trie.go:219.11,220.30 1 0
github.com/QuoineFinancial/liquid-chain/trie/trie.go:222.17,223.32 1 8
github.com/QuoineFinancial/liquid-chain/trie/trie.go:225.16,227.17 2 0
github.com/QuoineFinancial/liquid-chain/trie/trie.go:230.3,231.35 2 0
github.com/QuoineFinancial/liquid-chain/trie/trie.go:233.10,234.71 1 0
github.com/QuoineFinancial/liquid-chain/trie/trie.go:200.104,203.4 1 2
github.com/QuoineFinancial/liquid-chain/trie/trie.go:205.36,208.4 2 0
github.com/QuoineFinancial/liquid-chain/trie/trie.go:213.36,216.4 2 0
github.com/QuoineFinancial/liquid-chain/trie/trie.go:227.17,229.4 1 0
github.com/QuoineFinancial/liquid-chain/trie/trie.go:238.52,239.37 1 2
github.com/QuoineFinancial/liquid-chain/trie/trie.go:242.2,242.18 1 2
github.com/QuoineFinancial/liquid-chain/trie/trie.go:239.37,241.3 1 0
github.com/QuoineFinancial/liquid-chain/trie/trie.go:245.69,246.29 1 10
github.com/QuoineFinancial/liquid-chain/trie/trie.go:247.18,249.36 2 4
github.com/QuoineFinancial/liquid-chain/trie/trie.go:252.3,252.32 1 4
github.com/QuoineFinancial/liquid-chain/trie/trie.go:255.3,255.97 1 0
github.com/QuoineFinancial/liquid-chain/trie/trie.go:276.19,278.27 2 6
github.com/QuoineFinancial/liquid-chain/trie/trie.go:281.3,285.40 5 6
github.com/QuoineFinancial/liquid-chain/trie/trie.go:295.3,295.15 1 6
github.com/QuoineFinancial/liquid-chain/trie/trie.go:308.3,308.25 1 4
github.com/QuoineFinancial/liquid-chain/trie/trie.go:310.17,311.24 1 0
github.com/QuoineFinancial/liquid-chain/trie/trie.go:313.11,314.25 1 0
github.com/QuoineFinancial/liquid-chain/trie/trie.go:316.16,318.17 2 0
github.com/QuoineFinancial/liquid-chain/trie/trie.go:321.3,322.27 2 0
github.com/QuoineFinancial/liquid-chain/trie/trie.go:325.3,325.28 1 0
github.com/QuoineFinancial/liquid-chain/trie/trie.go:327.10,328.67 1 0
github.com/QuoineFinancial/liquid-chain/trie/trie.go:249.36,251.4 1 0
github.com/QuoineFinancial/liquid-chain/trie/trie.go:252.32,254.4 1 4
github.com/QuoineFinancial/liquid-chain/trie/trie.go:255.97,256.41 1 0
github.com/QuoineFinancial/liquid-chain/trie/trie.go:257.20,263.11 1 0
github.com/QuoineFinancial/liquid-chain/trie/trie.go:264.12,270.11 1 0
github.com/QuoineFinancial/liquid-chain/trie/trie.go:272.9,274.4 1 0
github.com/QuoineFinancial/liquid-chain/trie/trie.go:278.27,280.4 1 0
github.com/QuoineFinancial/liquid-chain/trie/trie.go:285.40,286.20 1 68
github.com/QuoineFinancial/liquid-chain/trie/trie.go:286.20,287.18 1 10
github.com/QuoineFinancial/liquid-chain/trie/trie.go:287.18,289.6 1 6
github.com/QuoineFinancial/liquid-chain/trie/trie.go:289.11,291.11 2 4
github.com/QuoineFinancial/liquid-chain/trie/trie.go:295.15,296.17 1 2
github.com/QuoineFinancial/liquid-chain/trie/trie.go:306.4,306.87 1 2
github.com/QuoineFinancial/liquid-chain/trie/trie.go:296.17,298.19 2 2
github.com/QuoineFinancial/liquid-chain/trie/trie.go:301.5,301.52 1 2
github.com/QuoineFinancial/liquid-chain/trie/trie.go:298.19,300.6 1 0
github.com/QuoineFinancial/liquid-chain/trie/trie.go:301.52,304.6 2 0
github.com/QuoineFinancial/liquid-chain/trie/trie.go:318.17,320.4 1 0
github.com/QuoineFinancial/liquid-chain/trie/trie.go:322.27,324.4 1 0
github.com/QuoineFinancial/liquid-chain/db/batch.go:14.38,20.2 2 0
github.com/QuoineFinancial/liquid-chain/db/batch.go:23.47,25.2 1 0
github.com/QuoineFinancial/liquid-chain/db/batch.go:28.36,30.2 1 0
github.com/QuoineFinancial/liquid-chain/db/batch.go:33.25,35.2 1 0
github.com/QuoineFinancial/liquid-chain/db/memorydb.go:14.30,18.2 1 7
github.com/QuoineFinancial/liquid-chain/db/memorydb.go:21.44,24.2 2 0
github.com/QuoineFinancial/liquid-chain/db/memorydb.go:27.51,29.2 1 4
github.com/QuoineFinancial/liquid-chain/db/memorydb.go:32.40,35.2 2 0
github.com/QuoineFinancial/liquid-chain/db/rocksdb.go:14.39,21.16 7 0
github.com/QuoineFinancial/liquid-chain/db/rocksdb.go:24.2,27.3 1 0
github.com/QuoineFinancial/liquid-chain/db/rocksdb.go:21.16,22.13 1 0
github.com/QuoineFinancial/liquid-chain/db/rocksdb.go:31.48,33.2 1 0
github.com/QuoineFinancial/liquid-chain/db/rocksdb.go:36.43,40.16 4 0
github.com/QuoineFinancial/liquid-chain/db/rocksdb.go:43.2,43.21 1 0
github.com/QuoineFinancial/liquid-chain/db/rocksdb.go:40.16,41.13 1 0
github.com/QuoineFinancial/liquid-chain/db/rocksdb.go:47.50,50.56 3 0
github.com/QuoineFinancial/liquid-chain/db/rocksdb.go:50.56,51.13 1 0
github.com/QuoineFinancial/liquid-chain/db/rocksdb.go:56.39,59.52 3 0
github.com/QuoineFinancial/liquid-chain/db/rocksdb.go:59.52,60.13 1 0
